#
# A fatal error has been detected by the Java Runtime Environment:
#
#  SIGSEGV (0xb) at pc=0x00007fa87691aee0, pid=6064, tid=0x00007fa87548e700
#
# JRE version: Java(TM) SE Runtime Environment (8.0_151-b12) (build 1.8.0_151-b12)
# Java VM: Java HotSpot(TM) 64-Bit Server VM (25.151-b12 mixed mode linux-amd64 compressed oops)
# Problematic frame:
# C  [i965_dri.so+0x2c2ee0]
#
# Failed to write core dump. Core dumps have been disabled. To enable core dumping, try "ulimit -c unlimited" before starting Java again
#
# If you would like to submit a bug report, please visit:
#   http://bugreport.java.com/bugreport/crash.jsp
# The crash happened outside the Java Virtual Machine in native code.
# See problematic frame for where to report the bug.
#

---------------  T H R E A D  ---------------

Current thread (0x00007fa8c02b3800):  JavaThread "JavaFX Application Thread" [_thread_in_native, id=6085, stack(0x00007fa87538e000,0x00007fa87548f000)]

siginfo: si_signo: 11 (SIGSEGV), si_code: 1 (SEGV_MAPERR), si_addr: 0x00000000000000a9

Registers:
RAX=0x00007fa879b36c00, RBX=0x00007fa879b36e60, RCX=0x00007fa879b370e0, RDX=0x00000000ffffffff
RSP=0x00007fa87548d3e0, RBP=0x00007fa8c5cd45d8, RSI=0x0000000000000000, RDI=0x0000000000000091
R8 =0x00007fa879b37080, R9 =0x00007fa87548e700, R10=0x0000000000000a80, R11=0x00007fa8846764d0
R12=0x0000000000000001, R13=0x00000000009e2790, R14=0x000000007fffffff, R15=0x00007fa8872b82a0
RIP=0x00007fa87691aee0, EFLAGS=0x0000000000010202, CSGSFS=0x002b000000000033, ERR=0x0000000000000004
  TRAPNO=0x000000000000000e

Top of Stack: (sp=0x00007fa87548d3e0)
0x00007fa87548d3e0:   00007fa879b36f70 00007fa87691aeed
0x00007fa87548d3f0:   00007fa8799a7340 00007fa87691aeed
0x00007fa87548d400:   0000000000000001 00007fa8768d310c
0x00007fa87548d410:   00007fa8c5cd45d8 00007fa8768fb4f9
0x00007fa87548d420:   0000000000000001 00007fa8766d22e9
0x00007fa87548d430:   00007fa8c5cd45d8 00007fa8c5970910
0x00007fa87548d440:   0000000000000001 000000000000000b
0x00007fa87548d450:   00007fa8c5aa07f0 00007fa8c0293be0
0x00007fa87548d460:   0000000000000000 00007fa8c597096a
0x00007fa87548d470:   0000000000000065 00007fa8872c1f7f
0x00007fa87548d480:   00007fa8c0294ca0 0000000000000000
0x00007fa87548d490:   00007fa87548d528 00007fa884da52de
0x00007fa87548d4a0:   00007fa8c0294ca0 00007fa884da2b3d
0x00007fa87548d4b0:   00007fa8c0294ca0 00007fa884d947e7
0x00007fa87548d4c0:   0000000000000000 0000000000000000
0x00007fa87548d4d0:   00007fa8c02a1020 00007fa8872b82fe
0x00007fa87548d4e0:   00007fa8c02aa6e0 00007fa8c02aa6e0
0x00007fa87548d4f0:   00007fa87548d530 00007fa8852f02cd
0x00007fa87548d500:   0000000000000001 00007fa8852f098a
0x00007fa87548d510:   00007fa87548d524 00007fa87548d5b0
0x00007fa87548d520:   ffffffff00000000 00007fa8c02aa5f0
0x00007fa87548d530:   00007fa8c02aa6e0 00007fa800000001
0x00007fa87548d540:   00007fa8c0279c40 00007fa8c02aa5f0
0x00007fa87548d550:   00007fa868011dbc 6eb25b1ea194fb00
0x00007fa87548d560:   00007fa8c02b3800 00007fa8c02aa6e0
0x00007fa87548d570:   00007fa868012b10 0000000000000000
0x00007fa87548d580:   00007fa87548d5b4 0000000000000001
0x00007fa87548d590:   0000000000000002 00007fa8852f0d1b
0x00007fa87548d5a0:   00007fa868011db0 00000001c02aa6e0
0x00007fa87548d5b0:   000000107fffffff 6eb25b1ea194fb00
0x00007fa87548d5c0:   00007fa88727fb50 00007fa868011db0
0x00007fa87548d5d0:   00007fa868011dbc 0000000000000000 

Instructions: (pc=0x00007fa87691aee0)
0x00007fa87691aec0:   5b c3 0f 1f 40 00 66 2e 0f 1f 84 00 00 00 00 00
0x00007fa87691aed0:   53 48 89 fb 48 8b 7f 08 48 85 ff 74 19 0f 1f 00
0x00007fa87691aee0:   48 8b 47 18 48 89 43 08 e8 e3 ff ff ff 48 8b 7b
0x00007fa87691aef0:   08 48 85 ff 75 ea 48 8b 43 20 48 85 c0 74 06 48 

Register to memory mapping:

RAX=0x00007fa879b36c00 is an unknown value
RBX=0x00007fa879b36e60 is an unknown value
RCX=0x00007fa879b370e0 is an unknown value
RDX=0x00000000ffffffff is an unallocated location in the heap
RSP=0x00007fa87548d3e0 is pointing into the stack for thread: 0x00007fa8c02b3800
RBP=0x00007fa8c5cd45d8: <offset 0x3995d8> in /lib/x86_64-linux-gnu/libc.so.6 at 0x00007fa8c593b000
RSI=0x0000000000000000 is an unknown value
RDI=0x0000000000000091 is an unknown value
R8 =0x00007fa879b37080 is an unknown value
R9 =0x00007fa87548e700 is pointing into the stack for thread: 0x00007fa8c02b3800
R10=0x0000000000000a80 is an unknown value
R11=0x00007fa8846764d0: _ZNSt13basic_ostreamIwSt11char_traitsIwEE5flushEv+0 in /usr/lib/x86_64-linux-gnu/libstdc++.so.6 at 0x00007fa884567000
R12=0x0000000000000001 is an unknown value
R13=0x00000000009e2790 is an unknown value
R14=0x000000007fffffff is an unknown value
R15=0x00007fa8872b82a0: <offset 0x562a0> in /usr/lib/x86_64-linux-gnu/libgdk-x11-2.0.so.0 at 0x00007fa887262000


Stack: [0x00007fa87538e000,0x00007fa87548f000],  sp=0x00007fa87548d3e0,  free space=1020k
Native frames: (J=compiled Java code, j=interpreted, Vv=VM code, C=native code)
C  [i965_dri.so+0x2c2ee0]

Java frames: (J=compiled Java code, j=interpreted, Vv=VM code)
j  com.sun.glass.ui.gtk.GtkApplication._runLoop(Ljava/lang/Runnable;Z)V+0
j  com.sun.glass.ui.gtk.GtkApplication.lambda$null$48(Ljava/lang/Runnable;Z)V+7
j  com.sun.glass.ui.gtk.GtkApplication$$Lambda$41.run()V+12
j  java.lang.Thread.run()V+11
v  ~StubRoutines::call_stub

---------------  P R O C E S S  ---------------

Java Threads: ( => current thread )
  0x00007fa890001000 JavaThread "SIGTERM handler" daemon [_thread_blocked, id=7110, stack(0x00007fa8643de000,0x00007fa8644df000)]
  0x00007fa888545800 JavaThread "pool-2-thread-1" [_thread_blocked, id=6188, stack(0x00007fa8639da000,0x00007fa863adb000)]
  0x00007fa888454800 JavaThread "Abandoned connection cleanup thread" daemon [_thread_blocked, id=6187, stack(0x00007fa863cdb000,0x00007fa863ddc000)]
  0x00007fa88001c800 JavaThread "RMI Scheduler(0)" daemon [_thread_blocked, id=6181, stack(0x00007fa8642dd000,0x00007fa8643de000)]
  0x00007fa868312800 JavaThread "GC Daemon" daemon [_thread_blocked, id=6094, stack(0x00007fa8644df000,0x00007fa8645e0000)]
  0x00007fa86830b000 JavaThread "RMI Reaper" [_thread_blocked, id=6093, stack(0x00007fa8645e0000,0x00007fa8646e1000)]
  0x00007fa868309800 JavaThread "RMI TCP Accept-0" daemon [_thread_in_native, id=6092, stack(0x00007fa8646e1000,0x00007fa8647e2000)]
  0x00007fa868303800 JavaThread "RMI TCP Accept-5050" daemon [_thread_in_native, id=6091, stack(0x00007fa8647e2000,0x00007fa8648e3000)]
  0x00007fa868211800 JavaThread "Prism Font Disposer" daemon [_thread_blocked, id=6089, stack(0x00007fa874186000,0x00007fa874287000)]
  0x00007fa8c02b7000 JavaThread "JavaFX-Launcher" [_thread_blocked, id=6086, stack(0x00007fa87528d000,0x00007fa87538e000)]
=>0x00007fa8c02b3800 JavaThread "JavaFX Application Thread" [_thread_in_native, id=6085, stack(0x00007fa87538e000,0x00007fa87548f000)]
  0x00007fa8c02af800 JavaThread "Thread-1" daemon [_thread_blocked, id=6084, stack(0x00007fa88404c000,0x00007fa88414d000)]
  0x00007fa8c014b000 JavaThread "Service Thread" daemon [_thread_blocked, id=6077, stack(0x00007fa8ac069000,0x00007fa8ac16a000)]
  0x00007fa8c013e800 JavaThread "C1 CompilerThread1" daemon [_thread_blocked, id=6076, stack(0x00007fa8ac16a000,0x00007fa8ac26b000)]
  0x00007fa8c013b800 JavaThread "C2 CompilerThread0" daemon [_thread_blocked, id=6075, stack(0x00007fa8ac26b000,0x00007fa8ac36c000)]
  0x00007fa8c013a000 JavaThread "Signal Dispatcher" daemon [_thread_blocked, id=6074, stack(0x00007fa8ac36c000,0x00007fa8ac46d000)]
  0x00007fa8c0107000 JavaThread "Finalizer" daemon [_thread_blocked, id=6073, stack(0x00007fa8ac608000,0x00007fa8ac709000)]
  0x00007fa8c0102800 JavaThread "Reference Handler" daemon [_thread_blocked, id=6072, stack(0x00007fa8ac709000,0x00007fa8ac80a000)]
  0x00007fa8c000a000 JavaThread "main" [_thread_blocked, id=6068, stack(0x00007fa8c6410000,0x00007fa8c6511000)]

Other Threads:
  0x00007fa8c00fb000 VMThread [stack: 0x00007fa8ac80a000,0x00007fa8ac90b000] [id=6071]

VM state:at safepoint (shutting down)

VM Mutex/Monitor currently owned by a thread:  ([mutex/lock_event])
[0x00007fa8c0006740] Threads_lock - owner thread: 0x00007fa8c00fb000

Heap:
 PSYoungGen      total 34304K, used 13302K [0x00000000ebb80000, 0x00000000efd80000, 0x0000000100000000)
  eden space 27136K, 29% used [0x00000000ebb80000,0x00000000ec3377f0,0x00000000ed600000)
  from space 7168K, 75% used [0x00000000ed600000,0x00000000edb46078,0x00000000edd00000)
  to   space 8192K, 0% used [0x00000000ef580000,0x00000000ef580000,0x00000000efd80000)
 ParOldGen       total 31232K, used 9890K [0x00000000c3200000, 0x00000000c5080000, 0x00000000ebb80000)
  object space 31232K, 31% used [0x00000000c3200000,0x00000000c3ba8b60,0x00000000c5080000)
 Metaspace       used 29679K, capacity 30332K, committed 30592K, reserved 1075200K
  class space    used 3978K, capacity 4172K, committed 4224K, reserved 1048576K

Card table byte_map: [0x00007fa8affda000,0x00007fa8b01c2000] byte_map_base: 0x00007fa8af9c1000

Marking Bits: (ParMarkBitMap*) 0x00007fa8c590df80
 Begin Bits: [0x00007fa8ade23000, 0x00007fa8aed5b000)
 End Bits:   [0x00007fa8aed5b000, 0x00007fa8afc93000)

Polling page: 0x00007fa8c6530000

CodeCache: size=245760Kb used=5602Kb max_used=5602Kb free=240157Kb
 bounds [0x00007fa8b0582000, 0x00007fa8b0b02000, 0x00007fa8bf582000]
 total_blobs=2476 nmethods=1721 adapters=670
 compilation: enabled

Compilation events (10 events):
Event: 1173.104 Thread 0x00007fa8c013e800 1813       3       java.util.logging.LogManager::checkPermission (17 bytes)
Event: 1173.143 Thread 0x00007fa8c013e800 nmethod 1813 0x00007fa8b0afc250 code [0x00007fa8b0afc3c0, 0x00007fa8b0afc688]
Event: 1173.144 Thread 0x00007fa8c013e800 1814       3       java.util.logging.LogManager$LoggerContext::ensureInitialized (24 bytes)
Event: 1173.180 Thread 0x00007fa8c013e800 nmethod 1814 0x00007fa8b0afc790 code [0x00007fa8b0afc960, 0x00007fa8b0afd188]
Event: 1173.202 Thread 0x00007fa8c013e800 1815       3       java.util.logging.Logger::updateEffectiveLevel (115 bytes)
Event: 1173.284 Thread 0x00007fa8c013e800 nmethod 1815 0x00007fa8b0afd390 code [0x00007fa8b0afd580, 0x00007fa8b0afdfa8]
Event: 1173.284 Thread 0x00007fa8c013e800 1816  s    3       java.util.logging.LogManager$LoggerContext::findLogger (40 bytes)
Event: 1173.344 Thread 0x00007fa8c013e800 nmethod 1816 0x00007fa8b0afe490 code [0x00007fa8b0afe6a0, 0x00007fa8b0aff548]
Event: 1173.344 Thread 0x00007fa8c013e800 1818       1       java.util.concurrent.CopyOnWriteArrayList::getArray (5 bytes)
Event: 1173.344 Thread 0x00007fa8c013e800 nmethod 1818 0x00007fa8b0aff9d0 code [0x00007fa8b0affb20, 0x00007fa8b0affc30]

GC Heap History (10 events):
Event: 43.207 GC heap before
{Heap before GC invocations=5 (full 1):
 PSYoungGen      total 18432K, used 16341K [0x00000000ebb80000, 0x00000000ed000000, 0x0000000100000000)
  eden space 15872K, 100% used [0x00000000ebb80000,0x00000000ecb00000,0x00000000ecb00000)
  from space 2560K, 18% used [0x00000000ecb00000,0x00000000ecb755b0,0x00000000ecd80000)
  to   space 2560K, 0% used [0x00000000ecd80000,0x00000000ecd80000,0x00000000ed000000)
 ParOldGen       total 42496K, used 5000K [0x00000000c3200000, 0x00000000c5b80000, 0x00000000ebb80000)
  object space 42496K, 11% used [0x00000000c3200000,0x00000000c36e2268,0x00000000c5b80000)
 Metaspace       used 14596K, capacity 15130K, committed 15232K, reserved 1062912K
  class space    used 1968K, capacity 2107K, committed 2176K, reserved 1048576K
Event: 43.210 GC heap after
Heap after GC invocations=5 (full 1):
 PSYoungGen      total 18432K, used 781K [0x00000000ebb80000, 0x00000000edf80000, 0x0000000100000000)
  eden space 15872K, 0% used [0x00000000ebb80000,0x00000000ebb80000,0x00000000ecb00000)
  from space 2560K, 30% used [0x00000000ecd80000,0x00000000ece436c0,0x00000000ed000000)
  to   space 2560K, 0% used [0x00000000ecb00000,0x00000000ecb00000,0x00000000ecd80000)
 ParOldGen       total 42496K, used 5008K [0x00000000c3200000, 0x00000000c5b80000, 0x00000000ebb80000)
  object space 42496K, 11% used [0x00000000c3200000,0x00000000c36e4268,0x00000000c5b80000)
 Metaspace       used 14596K, capacity 15130K, committed 15232K, reserved 1062912K
  class space    used 1968K, capacity 2107K, committed 2176K, reserved 1048576K
}
Event: 44.381 GC heap before
{Heap before GC invocations=6 (full 1):
 PSYoungGen      total 18432K, used 16633K [0x00000000ebb80000, 0x00000000edf80000, 0x0000000100000000)
  eden space 15872K, 99% used [0x00000000ebb80000,0x00000000ecafaf50,0x00000000ecb00000)
  from space 2560K, 30% used [0x00000000ecd80000,0x00000000ece436c0,0x00000000ed000000)
  to   space 2560K, 0% used [0x00000000ecb00000,0x00000000ecb00000,0x00000000ecd80000)
 ParOldGen       total 42496K, used 5008K [0x00000000c3200000, 0x00000000c5b80000, 0x00000000ebb80000)
  object space 42496K, 11% used [0x00000000c3200000,0x00000000c36e4268,0x00000000c5b80000)
 Metaspace       used 19194K, capacity 19772K, committed 19968K, reserved 1067008K
  class space    used 2633K, capacity 2800K, committed 2816K, reserved 1048576K
Event: 44.400 GC heap after
Heap after GC invocations=6 (full 1):
 PSYoungGen      total 18432K, used 2544K [0x00000000ebb80000, 0x00000000edf80000, 0x0000000100000000)
  eden space 15872K, 0% used [0x00000000ebb80000,0x00000000ebb80000,0x00000000ecb00000)
  from space 2560K, 99% used [0x00000000ecb00000,0x00000000ecd7c288,0x00000000ecd80000)
  to   space 2560K, 0% used [0x00000000edd00000,0x00000000edd00000,0x00000000edf80000)
 ParOldGen       total 42496K, used 6689K [0x00000000c3200000, 0x00000000c5b80000, 0x00000000ebb80000)
  object space 42496K, 15% used [0x00000000c3200000,0x00000000c38884c0,0x00000000c5b80000)
 Metaspace       used 19194K, capacity 19772K, committed 19968K, reserved 1067008K
  class space    used 2633K, capacity 2800K, committed 2816K, reserved 1048576K
}
Event: 45.369 GC heap before
{Heap before GC invocations=7 (full 1):
 PSYoungGen      total 18432K, used 18181K [0x00000000ebb80000, 0x00000000edf80000, 0x0000000100000000)
  eden space 15872K, 98% used [0x00000000ebb80000,0x00000000ecac52e0,0x00000000ecb00000)
  from space 2560K, 99% used [0x00000000ecb00000,0x00000000ecd7c288,0x00000000ecd80000)
  to   space 2560K, 0% used [0x00000000edd00000,0x00000000edd00000,0x00000000edf80000)
 ParOldGen       total 42496K, used 6689K [0x00000000c3200000, 0x00000000c5b80000, 0x00000000ebb80000)
  object space 42496K, 15% used [0x00000000c3200000,0x00000000c38884c0,0x00000000c5b80000)
 Metaspace       used 22802K, capacity 23324K, committed 23468K, reserved 1069056K
  class space    used 3112K, capacity 3280K, committed 3328K, reserved 1048576K
Event: 45.404 GC heap after
Heap after GC invocations=7 (full 1):
 PSYoungGen      total 29696K, used 2533K [0x00000000ebb80000, 0x00000000ee880000, 0x0000000100000000)
  eden space 27136K, 0% used [0x00000000ebb80000,0x00000000ebb80000,0x00000000ed600000)
  from space 2560K, 98% used [0x00000000edd00000,0x00000000edf79480,0x00000000edf80000)
  to   space 7168K, 0% used [0x00000000ed600000,0x00000000ed600000,0x00000000edd00000)
 ParOldGen       total 42496K, used 9203K [0x00000000c3200000, 0x00000000c5b80000, 0x00000000ebb80000)
  object space 42496K, 21% used [0x00000000c3200000,0x00000000c3afcdc0,0x00000000c5b80000)
 Metaspace       used 22802K, capacity 23324K, committed 23468K, reserved 1069056K
  class space    used 3112K, capacity 3280K, committed 3328K, reserved 1048576K
}
Event: 45.404 GC heap before
{Heap before GC invocations=8 (full 2):
 PSYoungGen      total 29696K, used 2533K [0x00000000ebb80000, 0x00000000ee880000, 0x0000000100000000)
  eden space 27136K, 0% used [0x00000000ebb80000,0x00000000ebb80000,0x00000000ed600000)
  from space 2560K, 98% used [0x00000000edd00000,0x00000000edf79480,0x00000000edf80000)
  to   space 7168K, 0% used [0x00000000ed600000,0x00000000ed600000,0x00000000edd00000)
 ParOldGen       total 42496K, used 9203K [0x00000000c3200000, 0x00000000c5b80000, 0x00000000ebb80000)
  object space 42496K, 21% used [0x00000000c3200000,0x00000000c3afcdc0,0x00000000c5b80000)
 Metaspace       used 22802K, capacity 23324K, committed 23468K, reserved 1069056K
  class space    used 3112K, capacity 3280K, committed 3328K, reserved 1048576K
Event: 45.477 GC heap after
Heap after GC invocations=8 (full 2):
 PSYoungGen      total 29696K, used 0K [0x00000000ebb80000, 0x00000000ee880000, 0x0000000100000000)
  eden space 27136K, 0% used [0x00000000ebb80000,0x00000000ebb80000,0x00000000ed600000)
  from space 2560K, 0% used [0x00000000edd00000,0x00000000edd00000,0x00000000edf80000)
  to   space 7168K, 0% used [0x00000000ed600000,0x00000000ed600000,0x00000000edd00000)
 ParOldGen       total 31232K, used 9882K [0x00000000c3200000, 0x00000000c5080000, 0x00000000ebb80000)
  object space 31232K, 31% used [0x00000000c3200000,0x00000000c3ba6b60,0x00000000c5080000)
 Metaspace       used 22802K, capacity 23324K, committed 23468K, reserved 1069056K
  class space    used 3112K, capacity 3280K, committed 3328K, reserved 1048576K
}
Event: 46.547 GC heap before
{Heap before GC invocations=9 (full 2):
 PSYoungGen      total 29696K, used 27136K [0x00000000ebb80000, 0x00000000ee880000, 0x0000000100000000)
  eden space 27136K, 100% used [0x00000000ebb80000,0x00000000ed600000,0x00000000ed600000)
  from space 2560K, 0% used [0x00000000edd00000,0x00000000edd00000,0x00000000edf80000)
  to   space 7168K, 0% used [0x00000000ed600000,0x00000000ed600000,0x00000000edd00000)
 ParOldGen       total 31232K, used 9882K [0x00000000c3200000, 0x00000000c5080000, 0x00000000ebb80000)
  object space 31232K, 31% used [0x00000000c3200000,0x00000000c3ba6b60,0x00000000c5080000)
 Metaspace       used 28623K, capacity 29224K, committed 29696K, reserved 1075200K
  class space    used 3856K, capacity 4030K, committed 4096K, reserved 1048576K
Event: 46.559 GC heap after
Heap after GC invocations=9 (full 2):
 PSYoungGen      total 34304K, used 5400K [0x00000000ebb80000, 0x00000000efd80000, 0x0000000100000000)
  eden space 27136K, 0% used [0x00000000ebb80000,0x00000000ebb80000,0x00000000ed600000)
  from space 7168K, 75% used [0x00000000ed600000,0x00000000edb46078,0x00000000edd00000)
  to   space 8192K, 0% used [0x00000000ef580000,0x00000000ef580000,0x00000000efd80000)
 ParOldGen       total 31232K, used 9890K [0x00000000c3200000, 0x00000000c5080000, 0x00000000ebb80000)
  object space 31232K, 31% used [0x00000000c3200000,0x00000000c3ba8b60,0x00000000c5080000)
 Metaspace       used 28623K, capacity 29224K, committed 29696K, reserved 1075200K
  class space    used 3856K, capacity 4030K, committed 4096K, reserved 1048576K
}

Deoptimization events (10 events):
Event: 44.217 Thread 0x00007fa8681e9000 Uncommon trap: reason=unstable_if action=reinterpret pc=0x00007fa8b087cba8 method=java.lang.AbstractStringBuilder.append(Ljava/lang/String;)Ljava/lang/AbstractStringBuilder; @ 1
Event: 44.245 Thread 0x00007fa8681e9000 Uncommon trap: reason=unstable_if action=reinterpret pc=0x00007fa8b080a17c method=sun.nio.cs.UTF_8$Decoder.decode([BII[C)I @ 30
Event: 44.473 Thread 0x00007fa8681e9000 Uncommon trap: reason=predicate action=maybe_recompile pc=0x00007fa8b09263a8 method=sun.net.www.ParseUtil.encodePath(Ljava/lang/String;Z)Ljava/lang/String; @ 36
Event: 46.214 Thread 0x00007fa8681e9000 Uncommon trap: reason=unstable_if action=reinterpret pc=0x00007fa8b0a1ded0 method=java.lang.String.regionMatches(ZILjava/lang/String;II)Z @ 123
Event: 46.501 Thread 0x00007fa8681e9000 Uncommon trap: reason=unstable_if action=reinterpret pc=0x00007fa8b07d2aa0 method=java.lang.CharacterData.of(I)Ljava/lang/CharacterData; @ 4
Event: 46.506 Thread 0x00007fa8681e9000 Uncommon trap: reason=unstable_if action=reinterpret pc=0x00007fa8b091ca1c method=java.util.regex.Pattern$BmpCharProperty.match(Ljava/util/regex/Matcher;ILjava/lang/CharSequence;)Z @ 34
Event: 46.604 Thread 0x00007fa8681e9000 Uncommon trap: reason=unstable_if action=reinterpret pc=0x00007fa8b09eaab4 method=java.lang.String.indexOf([CII[CIII)I @ 27
Event: 46.605 Thread 0x00007fa8681e9000 Uncommon trap: reason=unstable_if action=reinterpret pc=0x00007fa8b0917c68 method=java.lang.String.indexOf([CII[CIII)I @ 27
Event: 1103.715 Thread 0x00007fa8c02b3800 Uncommon trap: reason=unstable_if action=reinterpret pc=0x00007fa8b0aaf57c method=com.sun.javafx.tk.quantum.QuantumToolkit.postPulse()V @ 37
Event: 1104.071 Thread 0x00007fa8c02b3800 Uncommon trap: reason=unstable_if action=reinterpret pc=0x00007fa8b0aafc90 method=com.sun.javafx.tk.quantum.QuantumToolkit.postPulse()V @ 37

Internal exceptions (10 events):
Event: 6.874 Thread 0x00007fa8c02b3800 Implicit null exception at 0x00007fa8b07f5f35 to 0x00007fa8b07f6151
Event: 43.009 Thread 0x00007fa8681e9000 Exception <a 'java/lang/NoSuchMethodError': <clinit>> (0x00000000ebc7e228) thrown at [/HUDSON/workspace/8-2-build-linux-amd64/jdk8u151/9699/hotspot/src/share/vm/prims/jni.cpp, line 1613]
Event: 43.050 Thread 0x00007fa8681e9000 Exception <a 'java/lang/ArrayIndexOutOfBoundsException': 18> (0x00000000ebccaeb0) thrown at [/HUDSON/workspace/8-2-build-linux-amd64/jdk8u151/9699/hotspot/src/share/vm/interpreter/interpreterRuntime.cpp, line 366]
Event: 43.051 Thread 0x00007fa8681e9000 Exception <a 'java/lang/ArrayIndexOutOfBoundsException': 147> (0x00000000ebccca00) thrown at [/HUDSON/workspace/8-2-build-linux-amd64/jdk8u151/9699/hotspot/src/share/vm/interpreter/interpreterRuntime.cpp, line 366]
Event: 43.053 Thread 0x00007fa8681e9000 Exception <a 'java/lang/ArrayIndexOutOfBoundsException'> (0x00000000ebcd1770) thrown at [/HUDSON/workspace/8-2-build-linux-amd64/jdk8u151/9699/hotspot/src/share/vm/runtime/sharedRuntime.cpp, line 605]
Event: 43.090 Thread 0x00007fa8681e9000 Exception <a 'java/lang/ArrayIndexOutOfBoundsException'> (0x00000000ebd1e630) thrown at [/HUDSON/workspace/8-2-build-linux-amd64/jdk8u151/9699/hotspot/src/share/vm/runtime/sharedRuntime.cpp, line 605]
Event: 44.217 Thread 0x00007fa8681e9000 Implicit null exception at 0x00007fa8b087c7f5 to 0x00007fa8b087cb95
Event: 46.711 Thread 0x00007fa8681e9000 Exception <a 'java/lang/NoSuchMethodError': <clinit>> (0x00000000ebea2688) thrown at [/HUDSON/workspace/8-2-build-linux-amd64/jdk8u151/9699/hotspot/src/share/vm/prims/jni.cpp, line 1613]
Event: 46.712 Thread 0x00007fa8681e9000 Exception <a 'java/lang/NoSuchMethodError': <clinit>> (0x00000000ebea5b30) thrown at [/HUDSON/workspace/8-2-build-linux-amd64/jdk8u151/9699/hotspot/src/share/vm/prims/jni.cpp, line 1613]
Event: 1173.401 Thread 0x00007fa8a801d800 Exception <a 'java/lang/IllegalStateException'> (0x00000000ec2b6078) thrown at [/HUDSON/workspace/8-2-build-linux-amd64/jdk8u151/9699/hotspot/src/share/vm/prims/jvm.cpp, line 1394]

Events (10 events):
Event: 1172.977 Executing VM operation: RevokeBias
Event: 1172.990 Executing VM operation: RevokeBias done
Event: 1172.990 Executing VM operation: RevokeBias
Event: 1172.990 Executing VM operation: RevokeBias done
Event: 1173.186 Thread 0x00007fa8c026b000 Thread exited: 0x00007fa8c026b000
Event: 1173.221 loading class com/sun/javafx/tk/quantum/QuantumToolkit
Event: 1173.221 loading class com/sun/javafx/tk/quantum/QuantumToolkit done
Event: 1173.401 Thread 0x00007fa8a801d800 Thread exited: 0x00007fa8a801d800
Event: 1173.769 Thread 0x00007fa8a801e800 Thread exited: 0x00007fa8a801e800
Event: 1173.796 Executing VM operation: Exit


Dynamic libraries:
00400000-00401000 r-xp 00000000 08:01 2495236                            /usr/local/java/jdk1.8.0_151/jre/bin/java
00600000-00601000 rw-p 00000000 08:01 2495236                            /usr/local/java/jdk1.8.0_151/jre/bin/java
009e1000-00a02000 rw-p 00000000 00:00 0                                  [heap]
c3200000-c5080000 rw-p 00000000 00:00 0 
c5080000-ebb80000 ---p 00000000 00:00 0 
ebb80000-efd80000 rw-p 00000000 00:00 0 
efd80000-100000000 ---p 00000000 00:00 0 
100000000-100420000 rw-p 00000000 00:00 0 
100420000-140000000 ---p 00000000 00:00 0 
7fa8630c9000-7fa8630cc000 ---p 00000000 00:00 0 
7fa8630cc000-7fa8631ca000 rw-p 00000000 00:00 0 
7fa8631ca000-7fa8631da000 rw-s 10048b000 00:06 8577                      /dev/dri/card0
7fa8631da000-7fa86339a000 rw-p 00000000 00:00 0 
7fa86339a000-7fa8633da000 ---p 00000000 00:00 0 
7fa8633da000-7fa8635da000 rw-p 00000000 00:00 0 
7fa8635da000-7fa8637da000 rw-p 00000000 00:00 0 
7fa8637da000-7fa8639da000 rw-p 00000000 00:00 0 
7fa8639da000-7fa8639dd000 ---p 00000000 00:00 0 
7fa8639dd000-7fa863cdb000 rw-p 00000000 00:00 0 
7fa863cdb000-7fa863cde000 ---p 00000000 00:00 0 
7fa863cde000-7fa863fdc000 rw-p 00000000 00:00 0 
7fa863fdc000-7fa8641dc000 rw-p 00000000 00:00 0 
7fa8641dc000-7fa8641df000 ---p 00000000 00:00 0 
7fa8641df000-7fa8642dd000 rw-p 00000000 00:00 0 
7fa8642dd000-7fa8642e0000 ---p 00000000 00:00 0 
7fa8642e0000-7fa8643de000 rw-p 00000000 00:00 0 
7fa8643de000-7fa8643e1000 ---p 00000000 00:00 0 
7fa8643e1000-7fa8644df000 rw-p 00000000 00:00 0 
7fa8644df000-7fa8644e2000 ---p 00000000 00:00 0 
7fa8644e2000-7fa8645e0000 rw-p 00000000 00:00 0 
7fa8645e0000-7fa8645e3000 ---p 00000000 00:00 0 
7fa8645e3000-7fa8646e1000 rw-p 00000000 00:00 0 
7fa8646e1000-7fa8646e4000 ---p 00000000 00:00 0 
7fa8646e4000-7fa8647e2000 rw-p 00000000 00:00 0 
7fa8647e2000-7fa8647e5000 ---p 00000000 00:00 0 
7fa8647e5000-7fa8678e4000 rw-p 00000000 00:00 0 
7fa8678e4000-7fa8678fb000 r-xp 00000000 08:01 2495363                    /usr/local/java/jdk1.8.0_151/jre/lib/amd64/libnet.so
7fa8678fb000-7fa867afa000 ---p 00017000 08:01 2495363                    /usr/local/java/jdk1.8.0_151/jre/lib/amd64/libnet.so
7fa867afa000-7fa867afb000 rw-p 00016000 08:01 2495363                    /usr/local/java/jdk1.8.0_151/jre/lib/amd64/libnet.so
7fa867afb000-7fa867b00000 r--s 0009a000 08:01 2495310                    /usr/local/java/jdk1.8.0_151/jre/lib/jsse.jar
7fa867b00000-7fa867c80000 rw-s 116e89000 00:06 8577                      /dev/dri/card0
7fa867c80000-7fa867e00000 rw-s 11906a000 00:06 8577                      /dev/dri/card0
7fa867e00000-7fa868000000 rw-p 00000000 00:00 0 
7fa868000000-7fa868314000 rw-p 00000000 00:00 0 
7fa868314000-7fa86c000000 ---p 00000000 00:00 0 
7fa86c000000-7fa86c021000 rw-p 00000000 00:00 0 
7fa86c021000-7fa870000000 ---p 00000000 00:00 0 
7fa870000000-7fa870021000 rw-p 00000000 00:00 0 
7fa870021000-7fa874000000 ---p 00000000 00:00 0 
7fa874004000-7fa87400c000 r--s 000c4000 08:01 4590989                    /home/lakitha/MEGAsync/projects/MCDonald's Server/dist/run449798528/lib/mysql-connector-java-5.1.23-bin.jar
7fa87400c000-7fa87400e000 r--s 0000f000 08:01 4590967                    /home/lakitha/MEGAsync/projects/MCDonald's Server/dist/run449798528/lib/jboss-logging-3.3.0.Final.jar
7fa87400e000-7fa874018000 r--s 000ae000 08:01 4590957                    /home/lakitha/MEGAsync/projects/MCDonald's Server/dist/run449798528/lib/javassist-3.20.0-GA.jar
7fa874018000-7fa87401d000 r--s 00017000 08:01 4590119                    /home/lakitha/MEGAsync/projects/MCDonald's Server/dist/run449798528/lib/hibernate-jpa-2.1-api-1.0.0.Final.jar
7fa87401d000-7fa87409a000 r--s 005e3000 08:01 4590106                    /home/lakitha/MEGAsync/projects/MCDonald's Server/dist/run449798528/lib/hibernate-core-5.2.12.Final.jar
7fa87409a000-7fa87409f000 r--s 00048000 08:01 4590065                    /home/lakitha/MEGAsync/projects/MCDonald's Server/dist/run449798528/lib/dom4j-1.6.1.jar
7fa87409f000-7fa8740a4000 r--s 00068000 08:01 4590024                    /home/lakitha/MEGAsync/projects/MCDonald's Server/dist/run449798528/lib/antlr-2.7.7.jar
7fa8740a4000-7fa8740c0000 r--s 00393000 08:01 2623313                    /usr/local/java/jdk1.8.0_151/jre/lib/ext/cldrdata.jar
7fa8740c0000-7fa8740ca000 r--s 00116000 08:01 2623320                    /usr/local/java/jdk1.8.0_151/jre/lib/ext/localedata.jar
7fa8740ca000-7fa87412a000 rw-s 11922a000 00:06 8577                      /dev/dri/card0
7fa87412a000-7fa87415a000 rw-s 1191fa000 00:06 8577                      /dev/dri/card0
7fa87415a000-7fa87416a000 rw-s 11494a000 00:06 8577                      /dev/dri/card0
7fa87416a000-7fa874176000 rw-s 00000000 00:05 201224                     /drm mm object (deleted)
7fa874186000-7fa874189000 ---p 00000000 00:00 0 
7fa874189000-7fa874287000 rw-p 00000000 00:00 0 
7fa874287000-7fa8742b6000 r--p 00000000 08:01 1837022                    /usr/share/fonts/truetype/droid/DroidSans.ttf
7fa8742b6000-7fa8742f2000 r--p 00000000 08:01 2495275                    /usr/local/java/jdk1.8.0_151/jre/lib/fonts/LucidaTypewriterRegular.ttf
7fa8742f2000-7fa87439d000 r--p 00000000 08:01 2495270                    /usr/local/java/jdk1.8.0_151/jre/lib/fonts/LucidaSansRegular.ttf
7fa87439d000-7fa8743f2000 r--p 00000000 08:01 2495271                    /usr/local/java/jdk1.8.0_151/jre/lib/fonts/LucidaBrightRegular.ttf
7fa8743f2000-7fa874440000 r--p 00000000 08:01 2495272                    /usr/local/java/jdk1.8.0_151/jre/lib/fonts/LucidaSansDemiBold.ttf
7fa874440000-7fa874444000 r-xp 00000000 08:01 2495320                    /usr/local/java/jdk1.8.0_151/jre/lib/amd64/libjavafx_font_pango.so
7fa874444000-7fa874643000 ---p 00004000 08:01 2495320                    /usr/local/java/jdk1.8.0_151/jre/lib/amd64/libjavafx_font_pango.so
7fa874643000-7fa874644000 rw-p 00003000 08:01 2495320                    /usr/local/java/jdk1.8.0_151/jre/lib/amd64/libjavafx_font_pango.so
7fa874644000-7fa874674000 r-xp 00000000 08:01 1314248                    /usr/lib/x86_64-linux-gnu/gtk-2.0/2.10.0/engines/libmurrine.so
7fa874674000-7fa874874000 ---p 00030000 08:01 1314248                    /usr/lib/x86_64-linux-gnu/gtk-2.0/2.10.0/engines/libmurrine.so
7fa874874000-7fa874875000 r--p 00030000 08:01 1314248                    /usr/lib/x86_64-linux-gnu/gtk-2.0/2.10.0/engines/libmurrine.so
7fa874875000-7fa874876000 rw-p 00031000 08:01 1314248                    /usr/lib/x86_64-linux-gnu/gtk-2.0/2.10.0/engines/libmurrine.so
7fa874876000-7fa874878000 r-xp 00000000 08:01 1314241                    /usr/lib/x86_64-linux-gnu/gtk-2.0/2.10.0/engines/libadwaita.so
7fa874878000-7fa874a78000 ---p 00002000 08:01 1314241                    /usr/lib/x86_64-linux-gnu/gtk-2.0/2.10.0/engines/libadwaita.so
7fa874a78000-7fa874a79000 r--p 00002000 08:01 1314241                    /usr/lib/x86_64-linux-gnu/gtk-2.0/2.10.0/engines/libadwaita.so
7fa874a79000-7fa874a7a000 rw-p 00003000 08:01 1314241                    /usr/lib/x86_64-linux-gnu/gtk-2.0/2.10.0/engines/libadwaita.so
7fa874a7a000-7fa874a84000 r-xp 00000000 08:01 1314249                    /usr/lib/x86_64-linux-gnu/gtk-2.0/2.10.0/engines/libpixmap.so
7fa874a84000-7fa874c83000 ---p 0000a000 08:01 1314249                    /usr/lib/x86_64-linux-gnu/gtk-2.0/2.10.0/engines/libpixmap.so
7fa874c83000-7fa874c84000 r--p 00009000 08:01 1314249                    /usr/lib/x86_64-linux-gnu/gtk-2.0/2.10.0/engines/libpixmap.so
7fa874c84000-7fa874c85000 rw-p 0000a000 08:01 1314249                    /usr/lib/x86_64-linux-gnu/gtk-2.0/2.10.0/engines/libpixmap.so
7fa874c85000-7fa874e85000 rw-p 00000000 00:00 0 
7fa874e85000-7fa874e8a000 r-xp 00000000 08:01 2495323                    /usr/local/java/jdk1.8.0_151/jre/lib/amd64/libjavafx_font_freetype.so
7fa874e8a000-7fa875089000 ---p 00005000 08:01 2495323                    /usr/local/java/jdk1.8.0_151/jre/lib/amd64/libjavafx_font_freetype.so
7fa875089000-7fa87508a000 rw-p 00004000 08:01 2495323                    /usr/local/java/jdk1.8.0_151/jre/lib/amd64/libjavafx_font_freetype.so
7fa87508a000-7fa87508d000 r-xp 00000000 08:01 2495364                    /usr/local/java/jdk1.8.0_151/jre/lib/amd64/libjavafx_font.so
7fa87508d000-7fa87528c000 ---p 00003000 08:01 2495364                    /usr/local/java/jdk1.8.0_151/jre/lib/amd64/libjavafx_font.so
7fa87528c000-7fa87528d000 rw-p 00002000 08:01 2495364                    /usr/local/java/jdk1.8.0_151/jre/lib/amd64/libjavafx_font.so
7fa87528d000-7fa875290000 ---p 00000000 00:00 0 
7fa875290000-7fa87538e000 rw-p 00000000 00:00 0 
7fa87538e000-7fa875391000 ---p 00000000 00:00 0 
7fa875391000-7fa87548f000 rw-p 00000000 00:00 0 
7fa87548f000-7fa8754b8000 r-xp 00000000 08:01 2495339                    /usr/local/java/jdk1.8.0_151/jre/lib/amd64/libglass.so
7fa8754b8000-7fa8756b7000 ---p 00029000 08:01 2495339                    /usr/local/java/jdk1.8.0_151/jre/lib/amd64/libglass.so
7fa8756b7000-7fa8756ba000 rw-p 00028000 08:01 2495339                    /usr/local/java/jdk1.8.0_151/jre/lib/amd64/libglass.so
7fa8756ba000-7fa8756f1000 r-xp 00000000 08:01 1315866                    /usr/lib/x86_64-linux-gnu/libtxc_dxtn_s2tc.so.0.0.0
7fa8756f1000-7fa8758f0000 ---p 00037000 08:01 1315866                    /usr/lib/x86_64-linux-gnu/libtxc_dxtn_s2tc.so.0.0.0
7fa8758f0000-7fa8758f1000 r--p 00036000 08:01 1315866                    /usr/lib/x86_64-linux-gnu/libtxc_dxtn_s2tc.so.0.0.0
7fa8758f1000-7fa8758f2000 rw-p 00037000 08:01 1315866                    /usr/lib/x86_64-linux-gnu/libtxc_dxtn_s2tc.so.0.0.0
7fa8758f2000-7fa8758fa000 r-xp 00000000 08:01 1315599                    /usr/lib/x86_64-linux-gnu/libpciaccess.so.0.11.1
7fa8758fa000-7fa875afa000 ---p 00008000 08:01 1315599                    /usr/lib/x86_64-linux-gnu/libpciaccess.so.0.11.1
7fa875afa000-7fa875afb000 r--p 00008000 08:01 1315599                    /usr/lib/x86_64-linux-gnu/libpciaccess.so.0.11.1
7fa875afb000-7fa875afc000 rw-p 00009000 08:01 1315599                    /usr/lib/x86_64-linux-gnu/libpciaccess.so.0.11.1
7fa875afc000-7fa875b10000 r-xp 00000000 08:01 3803434                    /lib/x86_64-linux-gnu/libgpg-error.so.0.22.0
7fa875b10000-7fa875d0f000 ---p 00014000 08:01 3803434                    /lib/x86_64-linux-gnu/libgpg-error.so.0.22.0
7fa875d0f000-7fa875d10000 r--p 00013000 08:01 3803434                    /lib/x86_64-linux-gnu/libgpg-error.so.0.22.0
7fa875d10000-7fa875d11000 rw-p 00014000 08:01 3803434                    /lib/x86_64-linux-gnu/libgpg-error.so.0.22.0
7fa875d11000-7fa875d1c000 r-xp 00000000 08:01 1314787                    /usr/lib/x86_64-linux-gnu/libdrm_radeon.so.1.0.1
7fa875d1c000-7fa875f1b000 ---p 0000b000 08:01 1314787                    /usr/lib/x86_64-linux-gnu/libdrm_radeon.so.1.0.1
7fa875f1b000-7fa875f1c000 r--p 0000a000 08:01 1314787                    /usr/lib/x86_64-linux-gnu/libdrm_radeon.so.1.0.1
7fa875f1c000-7fa875f1d000 rw-p 0000b000 08:01 1314787                    /usr/lib/x86_64-linux-gnu/libdrm_radeon.so.1.0.1
7fa875f1d000-7fa875f24000 r-xp 00000000 08:01 1314785                    /usr/lib/x86_64-linux-gnu/libdrm_nouveau.so.2.0.0
7fa875f24000-7fa876123000 ---p 00007000 08:01 1314785                    /usr/lib/x86_64-linux-gnu/libdrm_nouveau.so.2.0.0
7fa876123000-7fa876124000 r--p 00006000 08:01 1314785                    /usr/lib/x86_64-linux-gnu/libdrm_nouveau.so.2.0.0
7fa876124000-7fa876125000 rw-p 00007000 08:01 1314785                    /usr/lib/x86_64-linux-gnu/libdrm_nouveau.so.2.0.0
7fa876125000-7fa876147000 r-xp 00000000 08:01 1314783                    /usr/lib/x86_64-linux-gnu/libdrm_intel.so.1.0.0
7fa876147000-7fa876347000 ---p 00022000 08:01 1314783                    /usr/lib/x86_64-linux-gnu/libdrm_intel.so.1.0.0
7fa876347000-7fa876348000 r--p 00022000 08:01 1314783                    /usr/lib/x86_64-linux-gnu/libdrm_intel.so.1.0.0
7fa876348000-7fa876349000 rw-p 00023000 08:01 1314783                    /usr/lib/x86_64-linux-gnu/libdrm_intel.so.1.0.0
7fa876349000-7fa876450000 r-xp 00000000 08:01 3803430                    /lib/x86_64-linux-gnu/libgcrypt.so.20.1.8
7fa876450000-7fa87664f000 ---p 00107000 08:01 3803430                    /lib/x86_64-linux-gnu/libgcrypt.so.20.1.8
7fa87664f000-7fa876651000 r--p 00106000 08:01 3803430                    /lib/x86_64-linux-gnu/libgcrypt.so.20.1.8
7fa876651000-7fa876658000 rw-p 00108000 08:01 3803430                    /lib/x86_64-linux-gnu/libgcrypt.so.20.1.8
7fa876658000-7fa876cff000 r-xp 00000000 08:01 1313221                    /usr/lib/x86_64-linux-gnu/dri/i965_dri.so
7fa876cff000-7fa876efe000 ---p 006a7000 08:01 1313221                    /usr/lib/x86_64-linux-gnu/dri/i965_dri.so
7fa876efe000-7fa876f40000 r--p 006a6000 08:01 1313221                    /usr/lib/x86_64-linux-gnu/dri/i965_dri.so
7fa876f40000-7fa876f48000 rw-p 006e8000 08:01 1313221                    /usr/lib/x86_64-linux-gnu/dri/i965_dri.so
7fa876f48000-7fa876f50000 rw-p 00000000 00:00 0 
7fa876f50000-7fa876f63000 r-xp 00000000 08:01 3803387                    /lib/x86_64-linux-gnu/libbsd.so.0.8.6
7fa876f63000-7fa877162000 ---p 00013000 08:01 3803387                    /lib/x86_64-linux-gnu/libbsd.so.0.8.6
7fa877162000-7fa877163000 r--p 00012000 08:01 3803387                    /lib/x86_64-linux-gnu/libbsd.so.0.8.6
7fa877163000-7fa877164000 rw-p 00013000 08:01 3803387                    /lib/x86_64-linux-gnu/libbsd.so.0.8.6
7fa877164000-7fa877165000 rw-p 00000000 00:00 0 
7fa877165000-7fa877169000 r-xp 00000000 08:01 3803563                    /lib/x86_64-linux-gnu/libuuid.so.1.3.0
7fa877169000-7fa877368000 ---p 00004000 08:01 3803563                    /lib/x86_64-linux-gnu/libuuid.so.1.3.0
7fa877368000-7fa877369000 r--p 00003000 08:01 3803563                    /lib/x86_64-linux-gnu/libuuid.so.1.3.0
7fa877369000-7fa87736a000 rw-p 00004000 08:01 3803563                    /lib/x86_64-linux-gnu/libuuid.so.1.3.0
7fa87736a000-7fa877371000 r-xp 00000000 08:01 1314724                    /usr/lib/x86_64-linux-gnu/libdatrie.so.1.3.3
7fa877371000-7fa877570000 ---p 00007000 08:01 1314724                    /usr/lib/x86_64-linux-gnu/libdatrie.so.1.3.3
7fa877570000-7fa877571000 r--p 00006000 08:01 1314724                    /usr/lib/x86_64-linux-gnu/libdatrie.so.1.3.3
7fa877571000-7fa877572000 rw-p 00007000 08:01 1314724                    /usr/lib/x86_64-linux-gnu/libdatrie.so.1.3.3
7fa877572000-7fa877577000 r-xp 00000000 08:01 1314505                    /usr/lib/x86_64-linux-gnu/libXdmcp.so.6.0.0
7fa877577000-7fa877776000 ---p 00005000 08:01 1314505                    /usr/lib/x86_64-linux-gnu/libXdmcp.so.6.0.0
7fa877776000-7fa877777000 r--p 00004000 08:01 1314505                    /usr/lib/x86_64-linux-gnu/libXdmcp.so.6.0.0
7fa877777000-7fa877778000 rw-p 00005000 08:01 1314505                    /usr/lib/x86_64-linux-gnu/libXdmcp.so.6.0.0
7fa877778000-7fa87777b000 r-xp 00000000 08:01 1314494                    /usr/lib/x86_64-linux-gnu/libXau.so.6.0.0
7fa87777b000-7fa87797a000 ---p 00003000 08:01 1314494                    /usr/lib/x86_64-linux-gnu/libXau.so.6.0.0
7fa87797a000-7fa87797b000 r--p 00002000 08:01 1314494                    /usr/lib/x86_64-linux-gnu/libXau.so.6.0.0
7fa87797b000-7fa87797c000 rw-p 00003000 08:01 1314494                    /usr/lib/x86_64-linux-gnu/libXau.so.6.0.0
7fa87797c000-7fa8779a7000 r-xp 00000000 08:01 1315131                    /usr/lib/x86_64-linux-gnu/libgraphite2.so.3.0.1
7fa8779a7000-7fa877ba6000 ---p 0002b000 08:01 1315131                    /usr/lib/x86_64-linux-gnu/libgraphite2.so.3.0.1
7fa877ba6000-7fa877ba8000 r--p 0002a000 08:01 1315131                    /usr/lib/x86_64-linux-gnu/libgraphite2.so.3.0.1
7fa877ba8000-7fa877ba9000 rw-p 0002c000 08:01 1315131                    /usr/lib/x86_64-linux-gnu/libgraphite2.so.3.0.1
7fa877ba9000-7fa877bea000 r-xp 00000000 08:01 3803385                    /lib/x86_64-linux-gnu/libblkid.so.1.1.0
7fa877bea000-7fa877de9000 ---p 00041000 08:01 3803385                    /lib/x86_64-linux-gnu/libblkid.so.1.1.0
7fa877de9000-7fa877ded000 r--p 00040000 08:01 3803385                    /lib/x86_64-linux-gnu/libblkid.so.1.1.0
7fa877ded000-7fa877dee000 rw-p 00044000 08:01 3803385                    /lib/x86_64-linux-gnu/libblkid.so.1.1.0
7fa877dee000-7fa877def000 rw-p 00000000 00:00 0 
7fa877def000-7fa877dff000 r-xp 00000000 08:01 1314779                    /usr/lib/x86_64-linux-gnu/libdrm.so.2.4.0
7fa877dff000-7fa877ffe000 ---p 00010000 08:01 1314779                    /usr/lib/x86_64-linux-gnu/libdrm.so.2.4.0
7fa877ffe000-7fa877fff000 r--p 0000f000 08:01 1314779                    /usr/lib/x86_64-linux-gnu/libdrm.so.2.4.0
7fa877fff000-7fa878000000 rw-p 00010000 08:01 1314779                    /usr/lib/x86_64-linux-gnu/libdrm.so.2.4.0
7fa878000000-7fa879fb5000 rw-p 00000000 00:00 0 
7fa879fb5000-7fa87c000000 ---p 00000000 00:00 0 
7fa87c000000-7fa87c003000 r--s 0002b000 08:01 4590132                    /home/lakitha/MEGAsync/projects/MCDonald's Server/dist/run449798528/lib/jandex-2.0.3.Final.jar
7fa87c003000-7fa87c004000 rw-s 00000000 00:05 201965                     /drm mm object (deleted)
7fa87c004000-7fa87c017000 r--s 00345000 08:01 2495309                    /usr/local/java/jdk1.8.0_151/jre/lib/resources.jar
7fa87c017000-7fa87c02a000 r--p 00000000 08:01 2495277                    /usr/local/java/jdk1.8.0_151/jre/lib/fonts/LucidaBrightDemiBold.ttf
7fa87c02a000-7fa87c03d000 r--p 00000000 08:01 2495274                    /usr/local/java/jdk1.8.0_151/jre/lib/fonts/LucidaBrightDemiItalic.ttf
7fa87c03d000-7fa87c051000 r--p 00000000 08:01 2495269                    /usr/local/java/jdk1.8.0_151/jre/lib/fonts/LucidaBrightItalic.ttf
7fa87c051000-7fa87c055000 r-xp 00000000 08:01 1315995                    /usr/lib/x86_64-linux-gnu/libxcb-dri2.so.0.0.0
7fa87c055000-7fa87c254000 ---p 00004000 08:01 1315995                    /usr/lib/x86_64-linux-gnu/libxcb-dri2.so.0.0.0
7fa87c254000-7fa87c255000 r--p 00003000 08:01 1315995                    /usr/lib/x86_64-linux-gnu/libxcb-dri2.so.0.0.0
7fa87c255000-7fa87c256000 rw-p 00004000 08:01 1315995                    /usr/lib/x86_64-linux-gnu/libxcb-dri2.so.0.0.0
7fa87c256000-7fa87c26e000 r-xp 00000000 08:01 1316001                    /usr/lib/x86_64-linux-gnu/libxcb-glx.so.0.0.0
7fa87c26e000-7fa87c46e000 ---p 00018000 08:01 1316001                    /usr/lib/x86_64-linux-gnu/libxcb-glx.so.0.0.0
7fa87c46e000-7fa87c470000 r--p 00018000 08:01 1316001                    /usr/lib/x86_64-linux-gnu/libxcb-glx.so.0.0.0
7fa87c470000-7fa87c471000 rw-p 0001a000 08:01 1316001                    /usr/lib/x86_64-linux-gnu/libxcb-glx.so.0.0.0
7fa87c471000-7fa87c472000 r-xp 00000000 08:01 1314488                    /usr/lib/x86_64-linux-gnu/libX11-xcb.so.1.0.0
7fa87c472000-7fa87c671000 ---p 00001000 08:01 1314488                    /usr/lib/x86_64-linux-gnu/libX11-xcb.so.1.0.0
7fa87c671000-7fa87c672000 r--p 00000000 08:01 1314488                    /usr/lib/x86_64-linux-gnu/libX11-xcb.so.1.0.0
7fa87c672000-7fa87c673000 rw-p 00001000 08:01 1314488                    /usr/lib/x86_64-linux-gnu/libX11-xcb.so.1.0.0
7fa87c673000-7fa87c69d000 r-xp 00000000 08:01 1314982                    /usr/lib/x86_64-linux-gnu/libglapi.so.0.0.0
7fa87c69d000-7fa87c89c000 ---p 0002a000 08:01 1314982                    /usr/lib/x86_64-linux-gnu/libglapi.so.0.0.0
7fa87c89c000-7fa87c8a0000 r--p 00029000 08:01 1314982                    /usr/lib/x86_64-linux-gnu/libglapi.so.0.0.0
7fa87c8a0000-7fa87c8a1000 rw-p 0002d000 08:01 1314982                    /usr/lib/x86_64-linux-gnu/libglapi.so.0.0.0
7fa87c8a1000-7fa87c8a2000 rw-p 00000000 00:00 0 
7fa87c8a2000-7fa87c8a3000 r-xp 00000000 08:01 1316049                    /usr/lib/x86_64-linux-gnu/libxshmfence.so.1.0.0
7fa87c8a3000-7fa87caa2000 ---p 00001000 08:01 1316049                    /usr/lib/x86_64-linux-gnu/libxshmfence.so.1.0.0
7fa87caa2000-7fa87caa3000 r--p 00000000 08:01 1316049                    /usr/lib/x86_64-linux-gnu/libxshmfence.so.1.0.0
7fa87caa3000-7fa87caa4000 rw-p 00001000 08:01 1316049                    /usr/lib/x86_64-linux-gnu/libxshmfence.so.1.0.0
7fa87caa4000-7fa87caaa000 r-xp 00000000 08:01 1316021                    /usr/lib/x86_64-linux-gnu/libxcb-sync.so.1.0.0
7fa87caaa000-7fa87cca9000 ---p 00006000 08:01 1316021                    /usr/lib/x86_64-linux-gnu/libxcb-sync.so.1.0.0
7fa87cca9000-7fa87ccaa000 r--p 00005000 08:01 1316021                    /usr/lib/x86_64-linux-gnu/libxcb-sync.so.1.0.0
7fa87ccaa000-7fa87ccab000 rw-p 00006000 08:01 1316021                    /usr/lib/x86_64-linux-gnu/libxcb-sync.so.1.0.0
7fa87ccab000-7fa87ccad000 r-xp 00000000 08:01 1316009                    /usr/lib/x86_64-linux-gnu/libxcb-present.so.0.0.0
7fa87ccad000-7fa87ceac000 ---p 00002000 08:01 1316009                    /usr/lib/x86_64-linux-gnu/libxcb-present.so.0.0.0
7fa87ceac000-7fa87cead000 r--p 00001000 08:01 1316009                    /usr/lib/x86_64-linux-gnu/libxcb-present.so.0.0.0
7fa87cead000-7fa87ceae000 rw-p 00002000 08:01 1316009                    /usr/lib/x86_64-linux-gnu/libxcb-present.so.0.0.0
7fa87ceae000-7fa87ceb0000 r-xp 00000000 08:01 1315997                    /usr/lib/x86_64-linux-gnu/libxcb-dri3.so.0.0.0
7fa87ceb0000-7fa87d0af000 ---p 00002000 08:01 1315997                    /usr/lib/x86_64-linux-gnu/libxcb-dri3.so.0.0.0
7fa87d0af000-7fa87d0b0000 r--p 00001000 08:01 1315997                    /usr/lib/x86_64-linux-gnu/libxcb-dri3.so.0.0.0
7fa87d0b0000-7fa87d0b1000 rw-p 00002000 08:01 1315997                    /usr/lib/x86_64-linux-gnu/libxcb-dri3.so.0.0.0
7fa87d0b1000-7fa87d123000 r-xp 00000000 08:01 3803507                    /lib/x86_64-linux-gnu/libpcre.so.3.13.3
7fa87d123000-7fa87d322000 ---p 00072000 08:01 3803507                    /lib/x86_64-linux-gnu/libpcre.so.3.13.3
7fa87d322000-7fa87d323000 r--p 00071000 08:01 3803507                    /lib/x86_64-linux-gnu/libpcre.so.3.13.3
7fa87d323000-7fa87d324000 rw-p 00072000 08:01 3803507                    /lib/x86_64-linux-gnu/libpcre.so.3.13.3
7fa87d324000-7fa87d32b000 r-xp 00000000 08:01 1314851                    /usr/lib/x86_64-linux-gnu/libffi.so.6.0.4
7fa87d32b000-7fa87d52b000 ---p 00007000 08:01 1314851                    /usr/lib/x86_64-linux-gnu/libffi.so.6.0.4
7fa87d52b000-7fa87d52c000 r--p 00007000 08:01 1314851                    /usr/lib/x86_64-linux-gnu/libffi.so.6.0.4
7fa87d52c000-7fa87d52d000 rw-p 00008000 08:01 1314851                    /usr/lib/x86_64-linux-gnu/libffi.so.6.0.4
7fa87d52d000-7fa87d555000 r-xp 00000000 08:01 3803421                    /lib/x86_64-linux-gnu/libexpat.so.1.6.4
7fa87d555000-7fa87d755000 ---p 00028000 08:01 3803421                    /lib/x86_64-linux-gnu/libexpat.so.1.6.4
7fa87d755000-7fa87d757000 r--p 00028000 08:01 3803421                    /lib/x86_64-linux-gnu/libexpat.so.1.6.4
7fa87d757000-7fa87d758000 rw-p 0002a000 08:01 3803421                    /lib/x86_64-linux-gnu/libexpat.so.1.6.4
7fa87d758000-7fa87d760000 r-xp 00000000 08:01 1315843                    /usr/lib/x86_64-linux-gnu/libthai.so.0.3.0
7fa87d760000-7fa87d960000 ---p 00008000 08:01 1315843                    /usr/lib/x86_64-linux-gnu/libthai.so.0.3.0
7fa87d960000-7fa87d961000 r--p 00008000 08:01 1315843                    /usr/lib/x86_64-linux-gnu/libthai.so.0.3.0
7fa87d961000-7fa87d962000 rw-p 00009000 08:01 1315843                    /usr/lib/x86_64-linux-gnu/libthai.so.0.3.0
7fa87d962000-7fa87d96e000 r-xp 00000000 08:01 1316015                    /usr/lib/x86_64-linux-gnu/libxcb-render.so.0.0.0
7fa87d96e000-7fa87db6e000 ---p 0000c000 08:01 1316015                    /usr/lib/x86_64-linux-gnu/libxcb-render.so.0.0.0
7fa87db6e000-7fa87db6f000 r--p 0000c000 08:01 1316015                    /usr/lib/x86_64-linux-gnu/libxcb-render.so.0.0.0
7fa87db6f000-7fa87db70000 rw-p 0000d000 08:01 1316015                    /usr/lib/x86_64-linux-gnu/libxcb-render.so.0.0.0
7fa87db70000-7fa87db97000 r-xp 00000000 08:01 1316031                    /usr/lib/x86_64-linux-gnu/libxcb.so.1.1.0
7fa87db97000-7fa87dd96000 ---p 00027000 08:01 1316031                    /usr/lib/x86_64-linux-gnu/libxcb.so.1.1.0
7fa87dd96000-7fa87dd97000 r--p 00026000 08:01 1316031                    /usr/lib/x86_64-linux-gnu/libxcb.so.1.1.0
7fa87dd97000-7fa87dd98000 rw-p 00027000 08:01 1316031                    /usr/lib/x86_64-linux-gnu/libxcb.so.1.1.0
7fa87dd98000-7fa87dd9a000 r-xp 00000000 08:01 1316019                    /usr/lib/x86_64-linux-gnu/libxcb-shm.so.0.0.0
7fa87dd9a000-7fa87df9a000 ---p 00002000 08:01 1316019                    /usr/lib/x86_64-linux-gnu/libxcb-shm.so.0.0.0
7fa87df9a000-7fa87df9b000 r--p 00002000 08:01 1316019                    /usr/lib/x86_64-linux-gnu/libxcb-shm.so.0.0.0
7fa87df9b000-7fa87df9c000 rw-p 00003000 08:01 1316019                    /usr/lib/x86_64-linux-gnu/libxcb-shm.so.0.0.0
7fa87df9c000-7fa87e03a000 r-xp 00000000 08:01 1315636                    /usr/lib/x86_64-linux-gnu/libpixman-1.so.0.34.0
7fa87e03a000-7fa87e23a000 ---p 0009e000 08:01 1315636                    /usr/lib/x86_64-linux-gnu/libpixman-1.so.0.34.0
7fa87e23a000-7fa87e242000 r--p 0009e000 08:01 1315636                    /usr/lib/x86_64-linux-gnu/libpixman-1.so.0.34.0
7fa87e242000-7fa87e243000 rw-p 000a6000 08:01 1315636                    /usr/lib/x86_64-linux-gnu/libpixman-1.so.0.34.0
7fa87e243000-7fa87e274000 r-xp 00000000 08:01 1315645                    /usr/lib/x86_64-linux-gnu/libpng16.so.16.30.0
7fa87e274000-7fa87e474000 ---p 00031000 08:01 1315645                    /usr/lib/x86_64-linux-gnu/libpng16.so.16.30.0
7fa87e474000-7fa87e475000 r--p 00031000 08:01 1315645                    /usr/lib/x86_64-linux-gnu/libpng16.so.16.30.0
7fa87e475000-7fa87e476000 rw-p 00032000 08:01 1315645                    /usr/lib/x86_64-linux-gnu/libpng16.so.16.30.0
7fa87e476000-7fa87e509000 r-xp 00000000 08:01 1315234                    /usr/lib/x86_64-linux-gnu/libharfbuzz.so.0.10400.2
7fa87e509000-7fa87e708000 ---p 00093000 08:01 1315234                    /usr/lib/x86_64-linux-gnu/libharfbuzz.so.0.10400.2
7fa87e708000-7fa87e70a000 r--p 00092000 08:01 1315234                    /usr/lib/x86_64-linux-gnu/libharfbuzz.so.0.10400.2
7fa87e70a000-7fa87e70b000 rw-p 00094000 08:01 1315234                    /usr/lib/x86_64-linux-gnu/libharfbuzz.so.0.10400.2
7fa87e70b000-7fa87e755000 r-xp 00000000 08:01 3803466                    /lib/x86_64-linux-gnu/libmount.so.1.1.0
7fa87e755000-7fa87e955000 ---p 0004a000 08:01 3803466                    /lib/x86_64-linux-gnu/libmount.so.1.1.0
7fa87e955000-7fa87e956000 r--p 0004a000 08:01 3803466                    /lib/x86_64-linux-gnu/libmount.so.1.1.0
7fa87e956000-7fa87e957000 rw-p 0004b000 08:01 3803466                    /lib/x86_64-linux-gnu/libmount.so.1.1.0
7fa87e957000-7fa87e959000 rw-p 00000000 00:00 0 
7fa87e959000-7fa87e96d000 r-xp 00000000 08:01 3803534                    /lib/x86_64-linux-gnu/libresolv-2.24.so
7fa87e96d000-7fa87eb6c000 ---p 00014000 08:01 3803534                    /lib/x86_64-linux-gnu/libresolv-2.24.so
7fa87eb6c000-7fa87eb6d000 r--p 00013000 08:01 3803534                    /lib/x86_64-linux-gnu/libresolv-2.24.so
7fa87eb6d000-7fa87eb6e000 rw-p 00014000 08:01 3803534                    /lib/x86_64-linux-gnu/libresolv-2.24.so
7fa87eb6e000-7fa87eb70000 rw-p 00000000 00:00 0 
7fa87eb70000-7fa87eb95000 r-xp 00000000 08:01 3803540                    /lib/x86_64-linux-gnu/libselinux.so.1
7fa87eb95000-7fa87ed94000 ---p 00025000 08:01 3803540                    /lib/x86_64-linux-gnu/libselinux.so.1
7fa87ed94000-7fa87ed95000 r--p 00024000 08:01 3803540                    /lib/x86_64-linux-gnu/libselinux.so.1
7fa87ed95000-7fa87ed96000 rw-p 00025000 08:01 3803540                    /lib/x86_64-linux-gnu/libselinux.so.1
7fa87ed96000-7fa87ed98000 rw-p 00000000 00:00 0 
7fa87ed98000-7fa87edb1000 r-xp 00000000 08:01 3803567                    /lib/x86_64-linux-gnu/libz.so.1.2.8
7fa87edb1000-7fa87efb0000 ---p 00019000 08:01 3803567                    /lib/x86_64-linux-gnu/libz.so.1.2.8
7fa87efb0000-7fa87efb1000 r--p 00018000 08:01 3803567                    /lib/x86_64-linux-gnu/libz.so.1.2.8
7fa87efb1000-7fa87efb2000 rw-p 00019000 08:01 3803567                    /lib/x86_64-linux-gnu/libz.so.1.2.8
7fa87efb2000-7fa87efc3000 r-xp 00000000 08:01 1314507                    /usr/lib/x86_64-linux-gnu/libXext.so.6.4.0
7fa87efc3000-7fa87f1c2000 ---p 00011000 08:01 1314507                    /usr/lib/x86_64-linux-gnu/libXext.so.6.4.0
7fa87f1c2000-7fa87f1c3000 r--p 00010000 08:01 1314507                    /usr/lib/x86_64-linux-gnu/libXext.so.6.4.0
7fa87f1c3000-7fa87f1c4000 rw-p 00011000 08:01 1314507                    /usr/lib/x86_64-linux-gnu/libXext.so.6.4.0
7fa87f1c4000-7fa87f1ce000 r-xp 00000000 08:01 1314501                    /usr/lib/x86_64-linux-gnu/libXcursor.so.1.0.2
7fa87f1ce000-7fa87f3cd000 ---p 0000a000 08:01 1314501                    /usr/lib/x86_64-linux-gnu/libXcursor.so.1.0.2
7fa87f3cd000-7fa87f3ce000 r--p 00009000 08:01 1314501                    /usr/lib/x86_64-linux-gnu/libXcursor.so.1.0.2
7fa87f3ce000-7fa87f3cf000 rw-p 0000a000 08:01 1314501                    /usr/lib/x86_64-linux-gnu/libXcursor.so.1.0.2
7fa87f3cf000-7fa87f3d9000 r-xp 00000000 08:01 1314527                    /usr/lib/x86_64-linux-gnu/libXrandr.so.2.2.0
7fa87f3d9000-7fa87f5d8000 ---p 0000a000 08:01 1314527                    /usr/lib/x86_64-linux-gnu/libXrandr.so.2.2.0
7fa87f5d8000-7fa87f5d9000 r--p 00009000 08:01 1314527                    /usr/lib/x86_64-linux-gnu/libXrandr.so.2.2.0
7fa87f5d9000-7fa87f5da000 rw-p 0000a000 08:01 1314527                    /usr/lib/x86_64-linux-gnu/libXrandr.so.2.2.0
7fa87f5da000-7fa87f5e9000 r-xp 00000000 08:01 1314517                    /usr/lib/x86_64-linux-gnu/libXi.so.6.1.0
7fa87f5e9000-7fa87f7e8000 ---p 0000f000 08:01 1314517                    /usr/lib/x86_64-linux-gnu/libXi.so.6.1.0
7fa87f7e8000-7fa87f7e9000 r--p 0000e000 08:01 1314517                    /usr/lib/x86_64-linux-gnu/libXi.so.6.1.0
7fa87f7e9000-7fa87f7ea000 rw-p 0000f000 08:01 1314517                    /usr/lib/x86_64-linux-gnu/libXi.so.6.1.0
7fa87f7ea000-7fa87f7ec000 r-xp 00000000 08:01 1314519                    /usr/lib/x86_64-linux-gnu/libXinerama.so.1.0.0
7fa87f7ec000-7fa87f9eb000 ---p 00002000 08:01 1314519                    /usr/lib/x86_64-linux-gnu/libXinerama.so.1.0.0
7fa87f9eb000-7fa87f9ec000 r--p 00001000 08:01 1314519                    /usr/lib/x86_64-linux-gnu/libXinerama.so.1.0.0
7fa87f9ec000-7fa87f9ed000 rw-p 00002000 08:01 1314519                    /usr/lib/x86_64-linux-gnu/libXinerama.so.1.0.0
7fa87f9ed000-7fa87f9f6000 r-xp 00000000 08:01 1314529                    /usr/lib/x86_64-linux-gnu/libXrender.so.1.3.0
7fa87f9f6000-7fa87fbf5000 ---p 00009000 08:01 1314529                    /usr/lib/x86_64-linux-gnu/libXrender.so.1.3.0
7fa87fbf5000-7fa87fbf6000 r--p 00008000 08:01 1314529                    /usr/lib/x86_64-linux-gnu/libXrender.so.1.3.0
7fa87fbf6000-7fa87fbf7000 rw-p 00009000 08:01 1314529                    /usr/lib/x86_64-linux-gnu/libXrender.so.1.3.0
7fa87fbf7000-7fa87fbfc000 r-xp 00000000 08:01 1314509                    /usr/lib/x86_64-linux-gnu/libXfixes.so.3.1.0
7fa87fbfc000-7fa87fdfb000 ---p 00005000 08:01 1314509                    /usr/lib/x86_64-linux-gnu/libXfixes.so.3.1.0
7fa87fdfb000-7fa87fdfc000 r--p 00004000 08:01 1314509                    /usr/lib/x86_64-linux-gnu/libXfixes.so.3.1.0
7fa87fdfc000-7fa87fdfd000 rw-p 00005000 08:01 1314509                    /usr/lib/x86_64-linux-gnu/libXfixes.so.3.1.0
7fa87fdfd000-7fa87fdff000 r-xp 00000000 08:01 1314503                    /usr/lib/x86_64-linux-gnu/libXdamage.so.1.1.0
7fa87fdff000-7fa87fffe000 ---p 00002000 08:01 1314503                    /usr/lib/x86_64-linux-gnu/libXdamage.so.1.1.0
7fa87fffe000-7fa87ffff000 r--p 00001000 08:01 1314503                    /usr/lib/x86_64-linux-gnu/libXdamage.so.1.1.0
7fa87ffff000-7fa880000000 rw-p 00002000 08:01 1314503                    /usr/lib/x86_64-linux-gnu/libXdamage.so.1.1.0
7fa880000000-7fa880023000 rw-p 00000000 00:00 0 
7fa880023000-7fa884000000 ---p 00000000 00:00 0 
7fa884000000-7fa884001000 r--s 00006000 08:01 4590971                    /home/lakitha/MEGAsync/projects/MCDonald's Server/dist/run449798528/lib/jboss-transaction-api_1.2_spec-1.0.1.Final.jar
7fa884001000-7fa884004000 r--s 00010000 08:01 4590087                    /home/lakitha/MEGAsync/projects/MCDonald's Server/dist/run449798528/lib/hibernate-commons-annotations-5.0.1.Final.jar
7fa884004000-7fa884008000 rw-s 00000000 00:05 201966                     /drm mm object (deleted)
7fa884008000-7fa88400a000 r--s 0000e000 08:01 4590042                    /home/lakitha/MEGAsync/projects/MCDonald's Server/dist/run449798528/lib/classmate-1.3.0.jar
7fa88400a000-7fa88404c000 r--s 00000000 08:01 4063290                    /var/cache/fontconfig/0bd3dc0958fa2205aaaa8ebb13e2872b-le64.cache-4
7fa88404c000-7fa88404f000 ---p 00000000 00:00 0 
7fa88404f000-7fa88414d000 rw-p 00000000 00:00 0 
7fa88414d000-7fa88414f000 r-xp 00000000 08:01 1314499                    /usr/lib/x86_64-linux-gnu/libXcomposite.so.1.0.0
7fa88414f000-7fa88434e000 ---p 00002000 08:01 1314499                    /usr/lib/x86_64-linux-gnu/libXcomposite.so.1.0.0
7fa88434e000-7fa88434f000 r--p 00001000 08:01 1314499                    /usr/lib/x86_64-linux-gnu/libXcomposite.so.1.0.0
7fa88434f000-7fa884350000 rw-p 00002000 08:01 1314499                    /usr/lib/x86_64-linux-gnu/libXcomposite.so.1.0.0
7fa884350000-7fa884366000 r-xp 00000000 08:01 3803428                    /lib/x86_64-linux-gnu/libgcc_s.so.1
7fa884366000-7fa884565000 ---p 00016000 08:01 3803428                    /lib/x86_64-linux-gnu/libgcc_s.so.1
7fa884565000-7fa884566000 r--p 00015000 08:01 3803428                    /lib/x86_64-linux-gnu/libgcc_s.so.1
7fa884566000-7fa884567000 rw-p 00016000 08:01 3803428                    /lib/x86_64-linux-gnu/libgcc_s.so.1
7fa884567000-7fa8846d9000 r-xp 00000000 08:01 1315814                    /usr/lib/x86_64-linux-gnu/libstdc++.so.6.0.24
7fa8846d9000-7fa8848d9000 ---p 00172000 08:01 1315814                    /usr/lib/x86_64-linux-gnu/libstdc++.so.6.0.24
7fa8848d9000-7fa8848e3000 r--p 00172000 08:01 1315814                    /usr/lib/x86_64-linux-gnu/libstdc++.so.6.0.24
7fa8848e3000-7fa8848e5000 rw-p 0017c000 08:01 1315814                    /usr/lib/x86_64-linux-gnu/libstdc++.so.6.0.24
7fa8848e5000-7fa8848e8000 rw-p 00000000 00:00 0 
7fa8848e8000-7fa884956000 r-xp 00000000 08:01 1314346                    /usr/lib/x86_64-linux-gnu/libGL.so.1.2.0
7fa884956000-7fa884b55000 ---p 0006e000 08:01 1314346                    /usr/lib/x86_64-linux-gnu/libGL.so.1.2.0
7fa884b55000-7fa884b58000 r--p 0006d000 08:01 1314346                    /usr/lib/x86_64-linux-gnu/libGL.so.1.2.0
7fa884b58000-7fa884b59000 rw-p 00070000 08:01 1314346                    /usr/lib/x86_64-linux-gnu/libGL.so.1.2.0
7fa884b59000-7fa884b5a000 rw-p 00000000 00:00 0 
7fa884b5a000-7fa884b5f000 r-xp 00000000 08:01 1314545                    /usr/lib/x86_64-linux-gnu/libXxf86vm.so.1.0.0
7fa884b5f000-7fa884d5e000 ---p 00005000 08:01 1314545                    /usr/lib/x86_64-linux-gnu/libXxf86vm.so.1.0.0
7fa884d5e000-7fa884d5f000 r--p 00004000 08:01 1314545                    /usr/lib/x86_64-linux-gnu/libXxf86vm.so.1.0.0
7fa884d5f000-7fa884d60000 rw-p 00005000 08:01 1314545                    /usr/lib/x86_64-linux-gnu/libXxf86vm.so.1.0.0
7fa884d60000-7fa884e9a000 r-xp 00000000 08:01 1314490                    /usr/lib/x86_64-linux-gnu/libX11.so.6.3.0
7fa884e9a000-7fa88509a000 ---p 0013a000 08:01 1314490                    /usr/lib/x86_64-linux-gnu/libX11.so.6.3.0
7fa88509a000-7fa88509b000 r--p 0013a000 08:01 1314490                    /usr/lib/x86_64-linux-gnu/libX11.so.6.3.0
7fa88509b000-7fa8850a0000 rw-p 0013b000 08:01 1314490                    /usr/lib/x86_64-linux-gnu/libX11.so.6.3.0
7fa8850a0000-7fa8850a5000 r-xp 00000000 08:01 1314535                    /usr/lib/x86_64-linux-gnu/libXtst.so.6.1.0
7fa8850a5000-7fa8852a4000 ---p 00005000 08:01 1314535                    /usr/lib/x86_64-linux-gnu/libXtst.so.6.1.0
7fa8852a4000-7fa8852a5000 r--p 00004000 08:01 1314535                    /usr/lib/x86_64-linux-gnu/libXtst.so.6.1.0
7fa8852a5000-7fa8852a6000 rw-p 00005000 08:01 1314535                    /usr/lib/x86_64-linux-gnu/libXtst.so.6.1.0
7fa8852a6000-7fa8853b8000 r-xp 00000000 08:01 3803432                    /lib/x86_64-linux-gnu/libglib-2.0.so.0.5304.0
7fa8853b8000-7fa8855b8000 ---p 00112000 08:01 3803432                    /lib/x86_64-linux-gnu/libglib-2.0.so.0.5304.0
7fa8855b8000-7fa8855b9000 r--p 00112000 08:01 3803432                    /lib/x86_64-linux-gnu/libglib-2.0.so.0.5304.0
7fa8855b9000-7fa8855ba000 rw-p 00113000 08:01 3803432                    /lib/x86_64-linux-gnu/libglib-2.0.so.0.5304.0
7fa8855ba000-7fa8855bb000 rw-p 00000000 00:00 0 
7fa8855bb000-7fa8855bc000 r-xp 00000000 08:01 1315208                    /usr/lib/x86_64-linux-gnu/libgthread-2.0.so.0.5304.0
7fa8855bc000-7fa8857bb000 ---p 00001000 08:01 1315208                    /usr/lib/x86_64-linux-gnu/libgthread-2.0.so.0.5304.0
7fa8857bb000-7fa8857bc000 r--p 00000000 08:01 1315208                    /usr/lib/x86_64-linux-gnu/libgthread-2.0.so.0.5304.0
7fa8857bc000-7fa8857bd000 rw-p 00001000 08:01 1315208                    /usr/lib/x86_64-linux-gnu/libgthread-2.0.so.0.5304.0
7fa8857bd000-7fa8857c0000 r-xp 00000000 08:01 1314998                    /usr/lib/x86_64-linux-gnu/libgmodule-2.0.so.0.5304.0
7fa8857c0000-7fa8859bf000 ---p 00003000 08:01 1314998                    /usr/lib/x86_64-linux-gnu/libgmodule-2.0.so.0.5304.0
7fa8859bf000-7fa8859c0000 r--p 00002000 08:01 1314998                    /usr/lib/x86_64-linux-gnu/libgmodule-2.0.so.0.5304.0
7fa8859c0000-7fa8859c1000 rw-p 00003000 08:01 1314998                    /usr/lib/x86_64-linux-gnu/libgmodule-2.0.so.0.5304.0
7fa8859c1000-7fa885a12000 r-xp 00000000 08:01 1315038                    /usr/lib/x86_64-linux-gnu/libgobject-2.0.so.0.5304.0
7fa885a12000-7fa885c12000 ---p 00051000 08:01 1315038                    /usr/lib/x86_64-linux-gnu/libgobject-2.0.so.0.5304.0
7fa885c12000-7fa885c13000 r--p 00051000 08:01 1315038                    /usr/lib/x86_64-linux-gnu/libgobject-2.0.so.0.5304.0
7fa885c13000-7fa885c14000 rw-p 00052000 08:01 1315038                    /usr/lib/x86_64-linux-gnu/libgobject-2.0.so.0.5304.0
7fa885c14000-7fa885c50000 r-xp 00000000 08:01 1314895                    /usr/lib/x86_64-linux-gnu/libfontconfig.so.1.8.0
7fa885c50000-7fa885e4f000 ---p 0003c000 08:01 1314895                    /usr/lib/x86_64-linux-gnu/libfontconfig.so.1.8.0
7fa885e4f000-7fa885e51000 r--p 0003b000 08:01 1314895                    /usr/lib/x86_64-linux-gnu/libfontconfig.so.1.8.0
7fa885e51000-7fa885e52000 rw-p 0003d000 08:01 1314895                    /usr/lib/x86_64-linux-gnu/libfontconfig.so.1.8.0
7fa885e52000-7fa885ef6000 r-xp 00000000 08:01 1314907                    /usr/lib/x86_64-linux-gnu/libfreetype.so.6.12.5
7fa885ef6000-7fa8860f6000 ---p 000a4000 08:01 1314907                    /usr/lib/x86_64-linux-gnu/libfreetype.so.6.12.5
7fa8860f6000-7fa8860fc000 r--p 000a4000 08:01 1314907                    /usr/lib/x86_64-linux-gnu/libfreetype.so.6.12.5
7fa8860fc000-7fa8860fd000 rw-p 000aa000 08:01 1314907                    /usr/lib/x86_64-linux-gnu/libfreetype.so.6.12.5
7fa8860fd000-7fa886146000 r-xp 00000000 08:01 1315583                    /usr/lib/x86_64-linux-gnu/libpango-1.0.so.0.4000.4
7fa886146000-7fa886345000 ---p 00049000 08:01 1315583                    /usr/lib/x86_64-linux-gnu/libpango-1.0.so.0.4000.4
7fa886345000-7fa886348000 r--p 00048000 08:01 1315583                    /usr/lib/x86_64-linux-gnu/libpango-1.0.so.0.4000.4
7fa886348000-7fa886349000 rw-p 0004b000 08:01 1315583                    /usr/lib/x86_64-linux-gnu/libpango-1.0.so.0.4000.4
7fa886349000-7fa886457000 r-xp 00000000 08:01 1314654                    /usr/lib/x86_64-linux-gnu/libcairo.so.2.11400.10
7fa886457000-7fa886657000 ---p 0010e000 08:01 1314654                    /usr/lib/x86_64-linux-gnu/libcairo.so.2.11400.10
7fa886657000-7fa88665a000 r--p 0010e000 08:01 1314654                    /usr/lib/x86_64-linux-gnu/libcairo.so.2.11400.10
7fa88665a000-7fa88665b000 rw-p 00111000 08:01 1314654                    /usr/lib/x86_64-linux-gnu/libcairo.so.2.11400.10
7fa88665b000-7fa88665d000 rw-p 00000000 00:00 0 
7fa88665d000-7fa886669000 r-xp 00000000 08:01 1315585                    /usr/lib/x86_64-linux-gnu/libpangocairo-1.0.so.0.4000.4
7fa886669000-7fa886868000 ---p 0000c000 08:01 1315585                    /usr/lib/x86_64-linux-gnu/libpangocairo-1.0.so.0.4000.4
7fa886868000-7fa886869000 r--p 0000b000 08:01 1315585                    /usr/lib/x86_64-linux-gnu/libpangocairo-1.0.so.0.4000.4
7fa886869000-7fa88686a000 rw-p 0000c000 08:01 1315585                    /usr/lib/x86_64-linux-gnu/libpangocairo-1.0.so.0.4000.4
7fa88686a000-7fa88688c000 r-xp 00000000 08:01 1314940                    /usr/lib/x86_64-linux-gnu/libgdk_pixbuf-2.0.so.0.3600.5
7fa88688c000-7fa886a8b000 ---p 00022000 08:01 1314940                    /usr/lib/x86_64-linux-gnu/libgdk_pixbuf-2.0.so.0.3600.5
7fa886a8b000-7fa886a8c000 r--p 00021000 08:01 1314940                    /usr/lib/x86_64-linux-gnu/libgdk_pixbuf-2.0.so.0.3600.5
7fa886a8c000-7fa886a8d000 rw-p 00022000 08:01 1314940                    /usr/lib/x86_64-linux-gnu/libgdk_pixbuf-2.0.so.0.3600.5
7fa886a8d000-7fa886aa1000 r-xp 00000000 08:01 1315587                    /usr/lib/x86_64-linux-gnu/libpangoft2-1.0.so.0.4000.4
7fa886aa1000-7fa886ca1000 ---p 00014000 08:01 1315587                    /usr/lib/x86_64-linux-gnu/libpangoft2-1.0.so.0.4000.4
7fa886ca1000-7fa886ca2000 r--p 00014000 08:01 1315587                    /usr/lib/x86_64-linux-gnu/libpangoft2-1.0.so.0.4000.4
7fa886ca2000-7fa886ca3000 rw-p 00015000 08:01 1315587                    /usr/lib/x86_64-linux-gnu/libpangoft2-1.0.so.0.4000.4
7fa886ca3000-7fa886e33000 r-xp 00000000 08:01 1314974                    /usr/lib/x86_64-linux-gnu/libgio-2.0.so.0.5304.0
7fa886e33000-7fa887032000 ---p 00190000 08:01 1314974                    /usr/lib/x86_64-linux-gnu/libgio-2.0.so.0.5304.0
7fa887032000-7fa887039000 r--p 0018f000 08:01 1314974                    /usr/lib/x86_64-linux-gnu/libgio-2.0.so.0.5304.0
7fa887039000-7fa88703a000 rw-p 00196000 08:01 1314974                    /usr/lib/x86_64-linux-gnu/libgio-2.0.so.0.5304.0
7fa88703a000-7fa88703c000 rw-p 00000000 00:00 0 
7fa88703c000-7fa88705f000 r-xp 00000000 08:01 1314584                    /usr/lib/x86_64-linux-gnu/libatk-1.0.so.0.22409.1
7fa88705f000-7fa88725e000 ---p 00023000 08:01 1314584                    /usr/lib/x86_64-linux-gnu/libatk-1.0.so.0.22409.1
7fa88725e000-7fa887261000 r--p 00022000 08:01 1314584                    /usr/lib/x86_64-linux-gnu/libatk-1.0.so.0.22409.1
7fa887261000-7fa887262000 rw-p 00025000 08:01 1314584                    /usr/lib/x86_64-linux-gnu/libatk-1.0.so.0.22409.1
7fa887262000-7fa887310000 r-xp 00000000 08:01 1314938                    /usr/lib/x86_64-linux-gnu/libgdk-x11-2.0.so.0.2400.31
7fa887310000-7fa887510000 ---p 000ae000 08:01 1314938                    /usr/lib/x86_64-linux-gnu/libgdk-x11-2.0.so.0.2400.31
7fa887510000-7fa887514000 r--p 000ae000 08:01 1314938                    /usr/lib/x86_64-linux-gnu/libgdk-x11-2.0.so.0.2400.31
7fa887514000-7fa887516000 rw-p 000b2000 08:01 1314938                    /usr/lib/x86_64-linux-gnu/libgdk-x11-2.0.so.0.2400.31
7fa887516000-7fa88794e000 r-xp 00000000 08:01 1315214                    /usr/lib/x86_64-linux-gnu/libgtk-x11-2.0.so.0.2400.31
7fa88794e000-7fa887b4e000 ---p 00438000 08:01 1315214                    /usr/lib/x86_64-linux-gnu/libgtk-x11-2.0.so.0.2400.31
7fa887b4e000-7fa887b55000 r--p 00438000 08:01 1315214                    /usr/lib/x86_64-linux-gnu/libgtk-x11-2.0.so.0.2400.31
7fa887b55000-7fa887b59000 rw-p 0043f000 08:01 1315214                    /usr/lib/x86_64-linux-gnu/libgtk-x11-2.0.so.0.2400.31
7fa887b59000-7fa887b5c000 rw-p 00000000 00:00 0 
7fa887b5c000-7fa887b68000 r-xp 00000000 08:01 2495367                    /usr/local/java/jdk1.8.0_151/jre/lib/amd64/libprism_es2.so
7fa887b68000-7fa887d67000 ---p 0000c000 08:01 2495367                    /usr/local/java/jdk1.8.0_151/jre/lib/amd64/libprism_es2.so
7fa887d67000-7fa887d68000 rw-p 0000b000 08:01 2495367                    /usr/local/java/jdk1.8.0_151/jre/lib/amd64/libprism_es2.so
7fa887d68000-7fa887d6b000 ---p 00000000 00:00 0 
7fa887d6b000-7fa887e69000 rw-p 00000000 00:00 0 
7fa887e69000-7fa887eff000 r--s 01110000 08:01 2623314                    /usr/local/java/jdk1.8.0_151/jre/lib/ext/jfxrt.jar
7fa887eff000-7fa887f00000 ---p 00000000 00:00 0 
7fa887f00000-7fa888000000 rw-p 00000000 00:00 0 
7fa888000000-7fa888a24000 rw-p 00000000 00:00 0 
7fa888a24000-7fa88c000000 ---p 00000000 00:00 0 
7fa88c000000-7fa88c021000 rw-p 00000000 00:00 0 
7fa88c021000-7fa890000000 ---p 00000000 00:00 0 
7fa890000000-7fa890021000 rw-p 00000000 00:00 0 
7fa890021000-7fa894000000 ---p 00000000 00:00 0 
7fa894000000-7fa8957e2000 rw-p 00000000 00:00 0 
7fa8957e2000-7fa898000000 ---p 00000000 00:00 0 
7fa898000000-7fa898021000 rw-p 00000000 00:00 0 
7fa898021000-7fa89c000000 ---p 00000000 00:00 0 
7fa89c000000-7fa89c021000 rw-p 00000000 00:00 0 
7fa89c021000-7fa8a0000000 ---p 00000000 00:00 0 
7fa8a0000000-7fa8a002c000 rw-p 00000000 00:00 0 
7fa8a002c000-7fa8a4000000 ---p 00000000 00:00 0 
7fa8a4000000-7fa8a4022000 rw-p 00000000 00:00 0 
7fa8a4022000-7fa8a8000000 ---p 00000000 00:00 0 
7fa8a8000000-7fa8a8021000 rw-p 00000000 00:00 0 
7fa8a8021000-7fa8ac000000 ---p 00000000 00:00 0 
7fa8ac000000-7fa8ac03a000 r--p 00000000 08:01 2495276                    /usr/local/java/jdk1.8.0_151/jre/lib/fonts/LucidaTypewriterBold.ttf
7fa8ac03a000-7fa8ac03f000 r--s 00084000 08:01 2495257                    /usr/local/java/jdk1.8.0_151/jre/lib/jfr.jar
7fa8ac03f000-7fa8ac045000 r--s 00000000 08:01 4063277                    /var/cache/fontconfig/8801497958630a81b71ace7c5f9b32a8-le64.cache-4
7fa8ac045000-7fa8ac04b000 r--s 00000000 08:01 4063292                    /var/cache/fontconfig/3047814df9a2f067bd2d96a2b9c36e5a-le64.cache-4
7fa8ac04b000-7fa8ac050000 r--s 00000000 08:01 4063282                    /var/cache/fontconfig/9923581aef9bb9211ee5bcd557562ee7-le64.cache-4
7fa8ac050000-7fa8ac05a000 r--s 00000000 08:01 4063298                    /var/cache/fontconfig/3f7329c5293ffd510edef78f73874cfd-le64.cache-4
7fa8ac05a000-7fa8ac066000 r--s 00000000 08:01 4087982                    /var/cache/fontconfig/d589a48862398ed80a3d6066f4f56f4c-le64.cache-4
7fa8ac066000-7fa8ac069000 r--s 00000000 08:01 4063280                    /var/cache/fontconfig/47e67d79d01846c7b6efd6b4f03a6092-le64.cache-4
7fa8ac069000-7fa8ac06c000 ---p 00000000 00:00 0 
7fa8ac06c000-7fa8ac16a000 rw-p 00000000 00:00 0 
7fa8ac16a000-7fa8ac16d000 ---p 00000000 00:00 0 
7fa8ac16d000-7fa8ac26b000 rw-p 00000000 00:00 0 
7fa8ac26b000-7fa8ac26e000 ---p 00000000 00:00 0 
7fa8ac26e000-7fa8ac36c000 rw-p 00000000 00:00 0 
7fa8ac36c000-7fa8ac36f000 ---p 00000000 00:00 0 
7fa8ac36f000-7fa8ac46d000 rw-p 00000000 00:00 0 
7fa8ac46d000-7fa8ac608000 r--p 00000000 08:01 1185500                    /usr/lib/locale/locale-archive
7fa8ac608000-7fa8ac60b000 ---p 00000000 00:00 0 
7fa8ac60b000-7fa8ac709000 rw-p 00000000 00:00 0 
7fa8ac709000-7fa8ac70c000 ---p 00000000 00:00 0 
7fa8ac70c000-7fa8ac80a000 rw-p 00000000 00:00 0 
7fa8ac80a000-7fa8ac80b000 ---p 00000000 00:00 0 
7fa8ac80b000-7fa8ad263000 rw-p 00000000 00:00 0 
7fa8ad263000-7fa8ad43c000 r--s 03d5a000 08:01 2495305                    /usr/local/java/jdk1.8.0_151/jre/lib/rt.jar
7fa8ad43c000-7fa8afc93000 rw-p 00000000 00:00 0 
7fa8afc93000-7fa8afc94000 ---p 00000000 00:00 0 
7fa8afc94000-7fa8afd94000 rw-p 00000000 00:00 0 
7fa8afd94000-7fa8afd95000 ---p 00000000 00:00 0 
7fa8afd95000-7fa8afea5000 rw-p 00000000 00:00 0 
7fa8afea5000-7fa8affda000 ---p 00000000 00:00 0 
7fa8affda000-7fa8affea000 rw-p 00000000 00:00 0 
7fa8affea000-7fa8b011e000 ---p 00000000 00:00 0 
7fa8b011e000-7fa8b0140000 rw-p 00000000 00:00 0 
7fa8b0140000-7fa8b01c1000 ---p 00000000 00:00 0 
7fa8b01c1000-7fa8b01d8000 rw-p 00000000 00:00 0 
7fa8b01d8000-7fa8b0582000 ---p 00000000 00:00 0 
7fa8b0582000-7fa8b0b02000 rwxp 00000000 00:00 0 
7fa8b0b02000-7fa8bf582000 ---p 00000000 00:00 0 
7fa8bf582000-7fa8bf59d000 r-xp 00000000 08:01 2495359                    /usr/local/java/jdk1.8.0_151/jre/lib/amd64/libzip.so
7fa8bf59d000-7fa8bf79d000 ---p 0001b000 08:01 2495359                    /usr/local/java/jdk1.8.0_151/jre/lib/amd64/libzip.so
7fa8bf79d000-7fa8bf79e000 rw-p 0001b000 08:01 2495359                    /usr/local/java/jdk1.8.0_151/jre/lib/amd64/libzip.so
7fa8bf79e000-7fa8bf7a8000 r-xp 00000000 08:01 3803483                    /lib/x86_64-linux-gnu/libnss_files-2.24.so
7fa8bf7a8000-7fa8bf9a8000 ---p 0000a000 08:01 3803483                    /lib/x86_64-linux-gnu/libnss_files-2.24.so
7fa8bf9a8000-7fa8bf9a9000 r--p 0000a000 08:01 3803483                    /lib/x86_64-linux-gnu/libnss_files-2.24.so
7fa8bf9a9000-7fa8bf9aa000 rw-p 0000b000 08:01 3803483                    /lib/x86_64-linux-gnu/libnss_files-2.24.so
7fa8bf9aa000-7fa8bf9b0000 rw-p 00000000 00:00 0 
7fa8bf9b0000-7fa8bf9bb000 r-xp 00000000 08:01 3803487                    /lib/x86_64-linux-gnu/libnss_nis-2.24.so
7fa8bf9bb000-7fa8bfbba000 ---p 0000b000 08:01 3803487                    /lib/x86_64-linux-gnu/libnss_nis-2.24.so
7fa8bfbba000-7fa8bfbbb000 r--p 0000a000 08:01 3803487                    /lib/x86_64-linux-gnu/libnss_nis-2.24.so
7fa8bfbbb000-7fa8bfbbc000 rw-p 0000b000 08:01 3803487                    /lib/x86_64-linux-gnu/libnss_nis-2.24.so
7fa8bfbbc000-7fa8bfbd0000 r-xp 00000000 08:01 3803477                    /lib/x86_64-linux-gnu/libnsl-2.24.so
7fa8bfbd0000-7fa8bfdd0000 ---p 00014000 08:01 3803477                    /lib/x86_64-linux-gnu/libnsl-2.24.so
7fa8bfdd0000-7fa8bfdd1000 r--p 00014000 08:01 3803477                    /lib/x86_64-linux-gnu/libnsl-2.24.so
7fa8bfdd1000-7fa8bfdd2000 rw-p 00015000 08:01 3803477                    /lib/x86_64-linux-gnu/libnsl-2.24.so
7fa8bfdd2000-7fa8bfdd4000 rw-p 00000000 00:00 0 
7fa8bfdd4000-7fa8bfdff000 r-xp 00000000 08:01 2495353                    /usr/local/java/jdk1.8.0_151/jre/lib/amd64/libjava.so
7fa8bfdff000-7fa8bfffe000 ---p 0002b000 08:01 2495353                    /usr/local/java/jdk1.8.0_151/jre/lib/amd64/libjava.so
7fa8bfffe000-7fa8c0000000 rw-p 0002a000 08:01 2495353                    /usr/local/java/jdk1.8.0_151/jre/lib/amd64/libjava.so
7fa8c0000000-7fa8c04db000 rw-p 00000000 00:00 0 
7fa8c04db000-7fa8c4000000 ---p 00000000 00:00 0 
7fa8c4000000-7fa8c4001000 rw-s 00000000 00:05 201219                     /drm mm object (deleted)
7fa8c4001000-7fa8c4002000 r--s 00000000 08:01 4063279                    /var/cache/fontconfig/16c2fda60d1b4b719f4b3d06fd951d25-le64.cache-4
7fa8c4002000-7fa8c4021000 r--s 00000000 08:01 4063278                    /var/cache/fontconfig/9b89f8e3dae116d678bbf48e5f21f69b-le64.cache-4
7fa8c4021000-7fa8c4028000 r-xp 00000000 08:01 3803479                    /lib/x86_64-linux-gnu/libnss_compat-2.24.so
7fa8c4028000-7fa8c4227000 ---p 00007000 08:01 3803479                    /lib/x86_64-linux-gnu/libnss_compat-2.24.so
7fa8c4227000-7fa8c4228000 r--p 00006000 08:01 3803479                    /lib/x86_64-linux-gnu/libnss_compat-2.24.so
7fa8c4228000-7fa8c4229000 rw-p 00007000 08:01 3803479                    /lib/x86_64-linux-gnu/libnss_compat-2.24.so
7fa8c4229000-7fa8c4236000 r-xp 00000000 08:01 2495358                    /usr/local/java/jdk1.8.0_151/jre/lib/amd64/libverify.so
7fa8c4236000-7fa8c4436000 ---p 0000d000 08:01 2495358                    /usr/local/java/jdk1.8.0_151/jre/lib/amd64/libverify.so
7fa8c4436000-7fa8c4438000 rw-p 0000d000 08:01 2495358                    /usr/local/java/jdk1.8.0_151/jre/lib/amd64/libverify.so
7fa8c4438000-7fa8c443f000 r-xp 00000000 08:01 3803536                    /lib/x86_64-linux-gnu/librt-2.24.so
7fa8c443f000-7fa8c463e000 ---p 00007000 08:01 3803536                    /lib/x86_64-linux-gnu/librt-2.24.so
7fa8c463e000-7fa8c463f000 r--p 00006000 08:01 3803536                    /lib/x86_64-linux-gnu/librt-2.24.so
7fa8c463f000-7fa8c4640000 rw-p 00007000 08:01 3803536                    /lib/x86_64-linux-gnu/librt-2.24.so
7fa8c4640000-7fa8c4743000 r-xp 00000000 08:01 3803460                    /lib/x86_64-linux-gnu/libm-2.24.so
7fa8c4743000-7fa8c4942000 ---p 00103000 08:01 3803460                    /lib/x86_64-linux-gnu/libm-2.24.so
7fa8c4942000-7fa8c4943000 r--p 00102000 08:01 3803460                    /lib/x86_64-linux-gnu/libm-2.24.so
7fa8c4943000-7fa8c4944000 rw-p 00103000 08:01 3803460                    /lib/x86_64-linux-gnu/libm-2.24.so
7fa8c4944000-7fa8c5617000 r-xp 00000000 08:01 2754278                    /usr/local/java/jdk1.8.0_151/jre/lib/amd64/server/libjvm.so
7fa8c5617000-7fa8c5816000 ---p 00cd3000 08:01 2754278                    /usr/local/java/jdk1.8.0_151/jre/lib/amd64/server/libjvm.so
7fa8c5816000-7fa8c58f0000 rw-p 00cd2000 08:01 2754278                    /usr/local/java/jdk1.8.0_151/jre/lib/amd64/server/libjvm.so
7fa8c58f0000-7fa8c593b000 rw-p 00000000 00:00 0 
7fa8c593b000-7fa8c5ad0000 r-xp 00000000 08:01 3803391                    /lib/x86_64-linux-gnu/libc-2.24.so
7fa8c5ad0000-7fa8c5cd0000 ---p 00195000 08:01 3803391                    /lib/x86_64-linux-gnu/libc-2.24.so
7fa8c5cd0000-7fa8c5cd4000 r--p 00195000 08:01 3803391                    /lib/x86_64-linux-gnu/libc-2.24.so
7fa8c5cd4000-7fa8c5cd6000 rw-p 00199000 08:01 3803391                    /lib/x86_64-linux-gnu/libc-2.24.so
7fa8c5cd6000-7fa8c5cda000 rw-p 00000000 00:00 0 
7fa8c5cda000-7fa8c5cdd000 r-xp 00000000 08:01 3803414                    /lib/x86_64-linux-gnu/libdl-2.24.so
7fa8c5cdd000-7fa8c5edc000 ---p 00003000 08:01 3803414                    /lib/x86_64-linux-gnu/libdl-2.24.so
7fa8c5edc000-7fa8c5edd000 r--p 00002000 08:01 3803414                    /lib/x86_64-linux-gnu/libdl-2.24.so
7fa8c5edd000-7fa8c5ede000 rw-p 00003000 08:01 3803414                    /lib/x86_64-linux-gnu/libdl-2.24.so
7fa8c5ede000-7fa8c5ef4000 r-xp 00000000 08:01 2754274                    /usr/local/java/jdk1.8.0_151/jre/lib/amd64/jli/libjli.so
7fa8c5ef4000-7fa8c60f3000 ---p 00016000 08:01 2754274                    /usr/local/java/jdk1.8.0_151/jre/lib/amd64/jli/libjli.so
7fa8c60f3000-7fa8c60f4000 rw-p 00015000 08:01 2754274                    /usr/local/java/jdk1.8.0_151/jre/lib/amd64/jli/libjli.so
7fa8c60f4000-7fa8c610c000 r-xp 00000000 08:01 3803526                    /lib/x86_64-linux-gnu/libpthread-2.24.so
7fa8c610c000-7fa8c630b000 ---p 00018000 08:01 3803526                    /lib/x86_64-linux-gnu/libpthread-2.24.so
7fa8c630b000-7fa8c630c000 r--p 00017000 08:01 3803526                    /lib/x86_64-linux-gnu/libpthread-2.24.so
7fa8c630c000-7fa8c630d000 rw-p 00018000 08:01 3803526                    /lib/x86_64-linux-gnu/libpthread-2.24.so
7fa8c630d000-7fa8c6311000 rw-p 00000000 00:00 0 
7fa8c6311000-7fa8c6334000 r-xp 00000000 08:01 3803361                    /lib/x86_64-linux-gnu/ld-2.24.so
7fa8c6334000-7fa8c6335000 r--s 00000000 08:01 4063293                    /var/cache/fontconfig/30829fa25452a46451e813d634d7f916-le64.cache-4
7fa8c6335000-7fa8c6338000 r--s 00000000 08:01 4063301                    /var/cache/fontconfig/e13b20fdb08344e0e664864cc2ede53d-le64.cache-4
7fa8c6338000-7fa8c633c000 r--s 00000000 08:01 4063295                    /var/cache/fontconfig/7ef2298fde41cc6eeb7af42e48b7d293-le64.cache-4
7fa8c633c000-7fa8c633d000 r--s 00002000 08:01 4589956                    /home/lakitha/MEGAsync/projects/MCDonald's Server/dist/run449798528/lib/MCDonald_s_Common.jar
7fa8c633d000-7fa8c633f000 r--s 00006000 08:01 4589954                    /home/lakitha/MEGAsync/projects/MCDonald's Server/dist/run449798528/MCDonald_s_Server.jar
7fa8c633f000-7fa8c6410000 rw-p 00000000 00:00 0 
7fa8c6410000-7fa8c6413000 ---p 00000000 00:00 0 
7fa8c6413000-7fa8c6527000 rw-p 00000000 00:00 0 
7fa8c6527000-7fa8c652f000 rw-s 00000000 08:01 1454585                    /tmp/hsperfdata_lakitha/6064 (deleted)
7fa8c652f000-7fa8c6530000 rw-p 00000000 00:00 0 
7fa8c6530000-7fa8c6531000 ---p 00000000 00:00 0 
7fa8c6531000-7fa8c6534000 rw-p 00000000 00:00 0 
7fa8c6534000-7fa8c6535000 r--p 00023000 08:01 3803361                    /lib/x86_64-linux-gnu/ld-2.24.so
7fa8c6535000-7fa8c6536000 rw-p 00024000 08:01 3803361                    /lib/x86_64-linux-gnu/ld-2.24.so
7fa8c6536000-7fa8c6537000 rw-p 00000000 00:00 0 
7ffcb1be9000-7ffcb1c0a000 rw-p 00000000 00:00 0                          [stack]
7ffcb1da1000-7ffcb1da3000 r--p 00000000 00:00 0                          [vvar]
7ffcb1da3000-7ffcb1da5000 r-xp 00000000 00:00 0                          [vdso]
ffffffffff600000-ffffffffff601000 r-xp 00000000 00:00 0                  [vsyscall]

VM Arguments:
jvm_args: -Dfile.encoding=UTF-8 -Dawt.useSystemAAFontSettings=gasp 
java_command: /home/lakitha/MEGAsync/projects/MCDonald's Server/dist/run449798528/MCDonald_s_Server.jar
java_class_path (initial): /home/lakitha/MEGAsync/projects/MCDonald's Server/dist/run449798528/MCDonald_s_Server.jar
Launcher Type: SUN_STANDARD

Environment Variables:
_JAVA_OPTIONS=  -Dawt.useSystemAAFontSettings=gasp
PATH=/usr/local/bin:/usr/bin:/bin:/usr/local/games:/usr/games:/sbin:/usr/sbin
LD_LIBRARY_PATH=/usr/local/java/jdk1.8.0_151/jre/lib/amd64:/usr/local/java/jdk1.8.0_151/jre/lib/i386:
SHELL=/bin/bash
DISPLAY=:0

Signal Handlers:
SIGSEGV: [libjvm.so+0xacbe10], sa_mask[0]=11111111011111111101111111111110, sa_flags=SA_RESTART|SA_SIGINFO
SIGBUS: [libjvm.so+0xacbe10], sa_mask[0]=11111111011111111101111111111110, sa_flags=SA_RESTART|SA_SIGINFO
SIGFPE: [libjvm.so+0x924f90], sa_mask[0]=11111111011111111101111111111110, sa_flags=SA_RESTART|SA_SIGINFO
SIGPIPE: SIG_IGN, sa_mask[0]=00000000000010000000000000000000, sa_flags=SA_RESTART
SIGXFSZ: [libjvm.so+0x924f90], sa_mask[0]=11111111011111111101111111111110, sa_flags=SA_RESTART|SA_SIGINFO
SIGILL: [libjvm.so+0x924f90], sa_mask[0]=11111111011111111101111111111110, sa_flags=SA_RESTART|SA_SIGINFO
SIGUSR1: SIG_DFL, sa_mask[0]=00000000000000000000000000000000, sa_flags=none
SIGUSR2: [libjvm.so+0x9267d0], sa_mask[0]=00100000000000000000000000000000, sa_flags=SA_RESTART|SA_SIGINFO
SIGHUP: SIG_IGN, sa_mask[0]=00000000000000000000000000000000, sa_flags=none
SIGINT: SIG_IGN, sa_mask[0]=00000000000000000000000000000000, sa_flags=none
SIGTERM: [libjvm.so+0x927bd0], sa_mask[0]=11111111011111111101111111111110, sa_flags=SA_RESTART|SA_SIGINFO
SIGQUIT: [libjvm.so+0x927bd0], sa_mask[0]=11111111011111111101111111111110, sa_flags=SA_RESTART|SA_SIGINFO


---------------  S Y S T E M  ---------------

OS:DISTRIB_ID=Deepin
DISTRIB_RELEASE=15.5
DISTRIB_DESCRIPTION="Deepin 15.5 "
DISTRIB_CODENAME=unstable

uname:Linux 4.9.0-deepin13-amd64 #1 SMP PREEMPT Deepin 4.9.57-1 (2017-10-19) x86_64
libc:glibc 2.24 NPTL 2.24 
rlimit: STACK 8192k, CORE 0k, NPROC 15371, NOFILE 1048576, AS infinity
load average:4.85 4.93 4.39

/proc/meminfo:
MemTotal:        3982568 kB
MemFree:          918672 kB
MemAvailable:    2173528 kB
Buffers:          452276 kB
Cached:          1064804 kB
SwapCached:       186460 kB
Active:          1758332 kB
Inactive:        1124312 kB
Active(anon):    1122616 kB
Inactive(anon):   336552 kB
Active(file):     635716 kB
Inactive(file):   787760 kB
Unevictable:          32 kB
Mlocked:              32 kB
SwapTotal:       4194300 kB
SwapFree:        3863672 kB
Dirty:              1600 kB
Writeback:             0 kB
AnonPages:       1307056 kB
Mapped:           134668 kB
Shmem:             93496 kB
Slab:             122856 kB
SReclaimable:      72716 kB
SUnreclaim:        50140 kB
KernelStack:        4896 kB
PageTables:        15040 kB
NFS_Unstable:          0 kB
Bounce:                0 kB
WritebackTmp:          0 kB
CommitLimit:     6185584 kB
Committed_AS:    3069860 kB
VmallocTotal:   34359738367 kB
VmallocUsed:           0 kB
VmallocChunk:          0 kB
HardwareCorrupted:     0 kB
AnonHugePages:         0 kB
ShmemHugePages:        0 kB
ShmemPmdMapped:        0 kB
HugePages_Total:       0
HugePages_Free:        0
HugePages_Rsvd:        0
HugePages_Surp:        0
Hugepagesize:       2048 kB
DirectMap4k:      156936 kB
DirectMap2M:     3969024 kB


CPU:total 2 (initial active 2) (2 cores per cpu, 1 threads per core) family 6 model 23 stepping 10, cmov, cx8, fxsr, mmx, sse, sse2, sse3, ssse3, tsc

/proc/cpuinfo:
processor	: 0
vendor_id	: GenuineIntel
cpu family	: 6
model		: 23
model name	: Pentium(R) Dual-Core CPU       T4500  @ 2.30GHz
stepping	: 10
microcode	: 0xa0b
cpu MHz		: 2300.000
cache size	: 1024 KB
physical id	: 0
siblings	: 2
core id		: 0
cpu cores	: 2
apicid		: 0
initial apicid	: 0
fpu		: yes
fpu_exception	: yes
cpuid level	: 13
wp		: yes
flags		: fpu vme de pse tsc msr pae mce cx8 apic sep mtrr pge mca cmov pat pse36 clflush dts acpi mmx fxsr sse sse2 ss ht tm pbe syscall nx lm constant_tsc arch_perfmon pebs bts rep_good nopl aperfmperf eagerfpu pni dtes64 monitor ds_cpl est tm2 ssse3 cx16 xtpr pdcm xsave lahf_lm dtherm
bugs		:
bogomips	: 4588.22
clflush size	: 64
cache_alignment	: 64
address sizes	: 36 bits physical, 48 bits virtual
power management:

processor	: 1
vendor_id	: GenuineIntel
cpu family	: 6
model		: 23
model name	: Pentium(R) Dual-Core CPU       T4500  @ 2.30GHz
stepping	: 10
microcode	: 0xa0b
cpu MHz		: 2300.000
cache size	: 1024 KB
physical id	: 0
siblings	: 2
core id		: 1
cpu cores	: 2
apicid		: 1
initial apicid	: 1
fpu		: yes
fpu_exception	: yes
cpuid level	: 13
wp		: yes
flags		: fpu vme de pse tsc msr pae mce cx8 apic sep mtrr pge mca cmov pat pse36 clflush dts acpi mmx fxsr sse sse2 ss ht tm pbe syscall nx lm constant_tsc arch_perfmon pebs bts rep_good nopl aperfmperf eagerfpu pni dtes64 monitor ds_cpl est tm2 ssse3 cx16 xtpr pdcm xsave lahf_lm dtherm
bugs		:
bogomips	: 4588.22
clflush size	: 64
cache_alignment	: 64
address sizes	: 36 bits physical, 48 bits virtual
power management:



Memory: 4k page, physical 3982568k(918672k free), swap 4194300k(3863672k free)

vm_info: Java HotSpot(TM) 64-Bit Server VM (25.151-b12) for linux-amd64 JRE (1.8.0_151-b12), built on Sep  5 2017 19:20:58 by "java_re" with gcc 4.3.0 20080428 (Red Hat 4.3.0-8)

time: Sun Dec 31 12:14:31 2017
elapsed time: 1174 seconds (0d 0h 19m 34s)

